05-Jan-2022 10:54:39.528 INFO [main] org.apache.catalina.core.ApplicationContext.log ContextListener: contextInitialized()
05-Jan-2022 10:54:39.529 INFO [main] org.apache.catalina.core.ApplicationContext.log SessionListener: contextInitialized()
05-Jan-2022 10:54:39.530 INFO [main] org.apache.catalina.core.ApplicationContext.log ContextListener: attributeAdded('StockTicker', 'async.Stockticker@b968a76')
05-Jan-2022 10:54:39.593 INFO [main] org.apache.catalina.core.ApplicationContext.log SessionListener: contextDestroyed()
05-Jan-2022 10:54:39.593 INFO [main] org.apache.catalina.core.ApplicationContext.log ContextListener: contextDestroyed()
05-Jan-2022 10:55:40.456 INFO [main] org.apache.catalina.core.ApplicationContext.log ContextListener: contextInitialized()
05-Jan-2022 10:55:40.457 INFO [main] org.apache.catalina.core.ApplicationContext.log SessionListener: contextInitialized()
05-Jan-2022 10:55:40.460 INFO [main] org.apache.catalina.core.ApplicationContext.log ContextListener: attributeAdded('StockTicker', 'async.Stockticker@54e81b21')
05-Jan-2022 10:55:41.533 INFO [http-nio-8080-exec-1] org.apache.catalina.core.ApplicationContext.log Marking servlet [ContactServlet] as unavailable
05-Jan-2022 10:55:41.533 SEVERE [http-nio-8080-exec-1] org.apache.catalina.core.StandardWrapperValve.invoke Allocate exception for servlet [ContactServlet]
	java.lang.ClassNotFoundException: ContactServlet
		at org.apache.catalina.loader.WebappClassLoaderBase.loadClass(WebappClassLoaderBase.java:1444)
		at org.apache.catalina.loader.WebappClassLoaderBase.loadClass(WebappClassLoaderBase.java:1252)
		at org.apache.catalina.core.DefaultInstanceManager.loadClass(DefaultInstanceManager.java:535)
		at org.apache.catalina.core.DefaultInstanceManager.loadClassMaybePrivileged(DefaultInstanceManager.java:516)
		at org.apache.catalina.core.DefaultInstanceManager.newInstance(DefaultInstanceManager.java:150)
		at org.apache.catalina.core.StandardWrapper.loadServlet(StandardWrapper.java:1071)
		at org.apache.catalina.core.StandardWrapper.allocate(StandardWrapper.java:789)
		at org.apache.catalina.core.StandardWrapperValve.invoke(StandardWrapperValve.java:128)
		at org.apache.catalina.core.StandardContextValve.invoke(StandardContextValve.java:97)
		at org.apache.catalina.authenticator.AuthenticatorBase.invoke(AuthenticatorBase.java:541)
		at org.apache.catalina.core.StandardHostValve.invoke(StandardHostValve.java:119)
		at org.apache.catalina.valves.ErrorReportValve.invoke(ErrorReportValve.java:92)
		at org.apache.catalina.valves.AbstractAccessLogValve.invoke(AbstractAccessLogValve.java:690)
		at org.apache.catalina.core.StandardEngineValve.invoke(StandardEngineValve.java:78)
		at org.apache.catalina.connector.CoyoteAdapter.service(CoyoteAdapter.java:353)
		at org.apache.coyote.http11.Http11Processor.service(Http11Processor.java:382)
		at org.apache.coyote.AbstractProcessorLight.process(AbstractProcessorLight.java:65)
		at org.apache.coyote.AbstractProtocol$ConnectionHandler.process(AbstractProtocol.java:872)
		at org.apache.tomcat.util.net.NioEndpoint$SocketProcessor.doRun(NioEndpoint.java:1705)
		at org.apache.tomcat.util.net.SocketProcessorBase.run(SocketProcessorBase.java:49)
		at org.apache.tomcat.util.threads.ThreadPoolExecutor.runWorker(ThreadPoolExecutor.java:1191)
		at org.apache.tomcat.util.threads.ThreadPoolExecutor$Worker.run(ThreadPoolExecutor.java:659)
		at org.apache.tomcat.util.threads.TaskThread$WrappingRunnable.run(TaskThread.java:61)
		at java.base/java.lang.Thread.run(Thread.java:833)
05-Jan-2022 10:56:01.952 INFO [main] org.apache.catalina.core.ApplicationContext.log SessionListener: contextDestroyed()
05-Jan-2022 10:56:01.952 INFO [main] org.apache.catalina.core.ApplicationContext.log ContextListener: contextDestroyed()
05-Jan-2022 10:57:15.767 INFO [main] org.apache.catalina.core.ApplicationContext.log ContextListener: contextInitialized()
05-Jan-2022 10:57:15.767 INFO [main] org.apache.catalina.core.ApplicationContext.log SessionListener: contextInitialized()
05-Jan-2022 10:57:15.768 INFO [main] org.apache.catalina.core.ApplicationContext.log ContextListener: attributeAdded('StockTicker', 'async.Stockticker@7668d560')
05-Jan-2022 11:10:23.981 INFO [main] org.apache.catalina.core.ApplicationContext.log SessionListener: contextDestroyed()
05-Jan-2022 11:10:23.981 INFO [main] org.apache.catalina.core.ApplicationContext.log ContextListener: contextDestroyed()
05-Jan-2022 11:10:27.028 INFO [main] org.apache.catalina.core.ApplicationContext.log ContextListener: contextInitialized()
05-Jan-2022 11:10:27.028 INFO [main] org.apache.catalina.core.ApplicationContext.log SessionListener: contextInitialized()
05-Jan-2022 11:10:27.030 INFO [main] org.apache.catalina.core.ApplicationContext.log ContextListener: attributeAdded('StockTicker', 'async.Stockticker@7ee55e70')
05-Jan-2022 11:15:18.095 INFO [main] org.apache.catalina.core.ApplicationContext.log SessionListener: contextDestroyed()
05-Jan-2022 11:15:18.095 INFO [main] org.apache.catalina.core.ApplicationContext.log ContextListener: contextDestroyed()
05-Jan-2022 11:15:45.769 INFO [main] org.apache.catalina.core.ApplicationContext.log ContextListener: contextInitialized()
05-Jan-2022 11:15:45.769 INFO [main] org.apache.catalina.core.ApplicationContext.log SessionListener: contextInitialized()
05-Jan-2022 11:15:45.771 INFO [main] org.apache.catalina.core.ApplicationContext.log ContextListener: attributeAdded('StockTicker', 'async.Stockticker@1761de10')
05-Jan-2022 11:16:52.593 INFO [main] org.apache.catalina.core.ApplicationContext.log SessionListener: contextDestroyed()
05-Jan-2022 11:16:52.593 INFO [main] org.apache.catalina.core.ApplicationContext.log ContextListener: contextDestroyed()
05-Jan-2022 11:16:55.981 INFO [main] org.apache.catalina.core.ApplicationContext.log ContextListener: contextInitialized()
05-Jan-2022 11:16:55.982 INFO [main] org.apache.catalina.core.ApplicationContext.log SessionListener: contextInitialized()
05-Jan-2022 11:16:55.983 INFO [main] org.apache.catalina.core.ApplicationContext.log ContextListener: attributeAdded('StockTicker', 'async.Stockticker@7daa61f3')
05-Jan-2022 11:19:09.037 INFO [main] org.apache.catalina.core.ApplicationContext.log SessionListener: contextDestroyed()
05-Jan-2022 11:19:09.037 INFO [main] org.apache.catalina.core.ApplicationContext.log ContextListener: contextDestroyed()
05-Jan-2022 11:19:09.303 INFO [main] org.apache.catalina.core.ApplicationContext.log ContextListener: contextInitialized()
05-Jan-2022 11:19:09.303 INFO [main] org.apache.catalina.core.ApplicationContext.log SessionListener: contextInitialized()
05-Jan-2022 11:19:09.304 INFO [main] org.apache.catalina.core.ApplicationContext.log ContextListener: attributeAdded('StockTicker', 'async.Stockticker@19542407')
05-Jan-2022 11:19:12.151 INFO [main] org.apache.catalina.core.ApplicationContext.log ContextListener: contextInitialized()
05-Jan-2022 11:19:12.151 INFO [main] org.apache.catalina.core.ApplicationContext.log SessionListener: contextInitialized()
05-Jan-2022 11:19:12.153 INFO [main] org.apache.catalina.core.ApplicationContext.log ContextListener: attributeAdded('StockTicker', 'async.Stockticker@62315f22')
05-Jan-2022 11:19:12.250 INFO [main] org.apache.catalina.core.ApplicationContext.log SessionListener: contextDestroyed()
05-Jan-2022 11:19:12.250 INFO [main] org.apache.catalina.core.ApplicationContext.log ContextListener: contextDestroyed()
05-Jan-2022 11:20:10.660 INFO [main] org.apache.catalina.core.ApplicationContext.log SessionListener: contextDestroyed()
05-Jan-2022 11:20:10.660 INFO [main] org.apache.catalina.core.ApplicationContext.log ContextListener: contextDestroyed()
05-Jan-2022 11:20:13.572 INFO [main] org.apache.catalina.core.ApplicationContext.log ContextListener: contextInitialized()
05-Jan-2022 11:20:13.572 INFO [main] org.apache.catalina.core.ApplicationContext.log SessionListener: contextInitialized()
05-Jan-2022 11:20:13.573 INFO [main] org.apache.catalina.core.ApplicationContext.log ContextListener: attributeAdded('StockTicker', 'async.Stockticker@1761de10')
05-Jan-2022 15:14:04.041 INFO [main] org.apache.catalina.core.ApplicationContext.log SessionListener: contextDestroyed()
05-Jan-2022 15:14:04.041 INFO [main] org.apache.catalina.core.ApplicationContext.log ContextListener: contextDestroyed()
05-Jan-2022 15:14:09.217 INFO [main] org.apache.catalina.core.ApplicationContext.log ContextListener: contextInitialized()
05-Jan-2022 15:14:09.218 INFO [main] org.apache.catalina.core.ApplicationContext.log SessionListener: contextInitialized()
05-Jan-2022 15:14:09.219 INFO [main] org.apache.catalina.core.ApplicationContext.log ContextListener: attributeAdded('StockTicker', 'async.Stockticker@263558c9')
05-Jan-2022 16:51:14.225 INFO [main] org.apache.catalina.core.ApplicationContext.log SessionListener: contextDestroyed()
05-Jan-2022 16:51:14.226 INFO [main] org.apache.catalina.core.ApplicationContext.log ContextListener: contextDestroyed()
05-Jan-2022 16:51:20.807 INFO [main] org.apache.catalina.core.ApplicationContext.log ContextListener: contextInitialized()
05-Jan-2022 16:51:20.808 INFO [main] org.apache.catalina.core.ApplicationContext.log SessionListener: contextInitialized()
05-Jan-2022 16:51:20.812 INFO [main] org.apache.catalina.core.ApplicationContext.log ContextListener: attributeAdded('StockTicker', 'async.Stockticker@238ad8c')
05-Jan-2022 16:52:14.484 SEVERE [http-nio-8080-exec-4] org.apache.catalina.core.StandardWrapperValve.invoke Servlet.service() for servlet [jsp] in context with path [/contact_servlet] threw exception [Unable to compile class for JSP: 

An error occurred at line: [18] in the jsp file: [/ContactSearch.jsp]
Syntax error on token "}", catch expected after this token
15:     Connection conn2 = null;
16:     try{
17:         conn2 = DriverManager.getConnection("jdbc:sqlite:/home/rishav/Git/assignment/APT/JAVA-Programming-Assignment/apache-tomcat-10.0.14/webapps/contact_servlet/src/contacts.db");
18:     }(exception e){
19:         e.getMessage();
20:     }  
21:     %>


An error occurred at line: [18] in the jsp file: [/ContactSearch.jsp]
exception cannot be resolved to a type
15:     Connection conn2 = null;
16:     try{
17:         conn2 = DriverManager.getConnection("jdbc:sqlite:/home/rishav/Git/assignment/APT/JAVA-Programming-Assignment/apache-tomcat-10.0.14/webapps/contact_servlet/src/contacts.db");
18:     }(exception e){
19:         e.getMessage();
20:     }  
21:     %>


An error occurred at line: [50] in the jsp file: [/ContactSearch.jsp]
query cannot be resolved to a variable
47:         <%
48:         try{
49:            Statement stmt = conn2.createStatement();  
50:             ResultSet result = stmt.executeQuery("SELECT * FROM CONTACTS WHERE NAME="+query+"'"); 
51:             %> 
52:             <table border=1 width=50% height=50%> 
53:             <tr><th>CID</th><th>NAME</th><th>EMAIL</th><tr> 


Stacktrace:] with root cause
	org.apache.jasper.JasperException: Unable to compile class for JSP: 

An error occurred at line: [18] in the jsp file: [/ContactSearch.jsp]
Syntax error on token "}", catch expected after this token
15:     Connection conn2 = null;
16:     try{
17:         conn2 = DriverManager.getConnection("jdbc:sqlite:/home/rishav/Git/assignment/APT/JAVA-Programming-Assignment/apache-tomcat-10.0.14/webapps/contact_servlet/src/contacts.db");
18:     }(exception e){
19:         e.getMessage();
20:     }  
21:     %>


An error occurred at line: [18] in the jsp file: [/ContactSearch.jsp]
exception cannot be resolved to a type
15:     Connection conn2 = null;
16:     try{
17:         conn2 = DriverManager.getConnection("jdbc:sqlite:/home/rishav/Git/assignment/APT/JAVA-Programming-Assignment/apache-tomcat-10.0.14/webapps/contact_servlet/src/contacts.db");
18:     }(exception e){
19:         e.getMessage();
20:     }  
21:     %>


An error occurred at line: [50] in the jsp file: [/ContactSearch.jsp]
query cannot be resolved to a variable
47:         <%
48:         try{
49:            Statement stmt = conn2.createStatement();  
50:             ResultSet result = stmt.executeQuery("SELECT * FROM CONTACTS WHERE NAME="+query+"'"); 
51:             %> 
52:             <table border=1 width=50% height=50%> 
53:             <tr><th>CID</th><th>NAME</th><th>EMAIL</th><tr> 


Stacktrace:
		at org.apache.jasper.compiler.DefaultErrorHandler.javacError(DefaultErrorHandler.java:102)
		at org.apache.jasper.compiler.ErrorDispatcher.javacError(ErrorDispatcher.java:213)
		at org.apache.jasper.compiler.JDTCompiler.generateClass(JDTCompiler.java:487)
		at org.apache.jasper.compiler.Compiler.compile(Compiler.java:397)
		at org.apache.jasper.compiler.Compiler.compile(Compiler.java:367)
		at org.apache.jasper.compiler.Compiler.compile(Compiler.java:351)
		at org.apache.jasper.JspCompilationContext.compile(JspCompilationContext.java:603)
		at org.apache.jasper.servlet.JspServletWrapper.service(JspServletWrapper.java:399)
		at org.apache.jasper.servlet.JspServlet.serviceJspFile(JspServlet.java:380)
		at org.apache.jasper.servlet.JspServlet.service(JspServlet.java:328)
		at jakarta.servlet.http.HttpServlet.service(HttpServlet.java:777)
		at org.apache.catalina.core.ApplicationFilterChain.internalDoFilter(ApplicationFilterChain.java:223)
		at org.apache.catalina.core.ApplicationFilterChain.doFilter(ApplicationFilterChain.java:158)
		at org.apache.tomcat.websocket.server.WsFilter.doFilter(WsFilter.java:53)
		at org.apache.catalina.core.ApplicationFilterChain.internalDoFilter(ApplicationFilterChain.java:185)
		at org.apache.catalina.core.ApplicationFilterChain.doFilter(ApplicationFilterChain.java:158)
		at org.apache.catalina.core.StandardWrapperValve.invoke(StandardWrapperValve.java:197)
		at org.apache.catalina.core.StandardContextValve.invoke(StandardContextValve.java:97)
		at org.apache.catalina.authenticator.AuthenticatorBase.invoke(AuthenticatorBase.java:541)
		at org.apache.catalina.core.StandardHostValve.invoke(StandardHostValve.java:119)
		at org.apache.catalina.valves.ErrorReportValve.invoke(ErrorReportValve.java:92)
		at org.apache.catalina.valves.AbstractAccessLogValve.invoke(AbstractAccessLogValve.java:690)
		at org.apache.catalina.core.StandardEngineValve.invoke(StandardEngineValve.java:78)
		at org.apache.catalina.connector.CoyoteAdapter.service(CoyoteAdapter.java:353)
		at org.apache.coyote.http11.Http11Processor.service(Http11Processor.java:382)
		at org.apache.coyote.AbstractProcessorLight.process(AbstractProcessorLight.java:65)
		at org.apache.coyote.AbstractProtocol$ConnectionHandler.process(AbstractProtocol.java:872)
		at org.apache.tomcat.util.net.NioEndpoint$SocketProcessor.doRun(NioEndpoint.java:1705)
		at org.apache.tomcat.util.net.SocketProcessorBase.run(SocketProcessorBase.java:49)
		at org.apache.tomcat.util.threads.ThreadPoolExecutor.runWorker(ThreadPoolExecutor.java:1191)
		at org.apache.tomcat.util.threads.ThreadPoolExecutor$Worker.run(ThreadPoolExecutor.java:659)
		at org.apache.tomcat.util.threads.TaskThread$WrappingRunnable.run(TaskThread.java:61)
		at java.base/java.lang.Thread.run(Thread.java:833)
05-Jan-2022 16:53:20.478 SEVERE [http-nio-8080-exec-5] org.apache.catalina.core.StandardWrapperValve.invoke Servlet.service() for servlet [jsp] in context with path [/contact_servlet] threw exception [Unable to compile class for JSP: 

An error occurred at line: [18] in the jsp file: [/ContactSearch.jsp]
exception cannot be resolved to a type
15:     Connection conn2 = null;
16:     try{
17:         conn2 = DriverManager.getConnection("jdbc:sqlite:/home/rishav/Git/assignment/APT/JAVA-Programming-Assignment/apache-tomcat-10.0.14/webapps/contact_servlet/src/contacts.db");
18:     }catch(exception e){
19:         e.getMessage();
20:     }  
21:     %>


An error occurred at line: [50] in the jsp file: [/ContactSearch.jsp]
query cannot be resolved to a variable
47:         <%
48:         try{
49:            Statement stmt = conn2.createStatement();  
50:             ResultSet result = stmt.executeQuery("SELECT * FROM CONTACTS WHERE NAME="+query+"'"); 
51:             %> 
52:             <table border=1 width=50% height=50%> 
53:             <tr><th>CID</th><th>NAME</th><th>EMAIL</th><tr> 


Stacktrace:] with root cause
	org.apache.jasper.JasperException: Unable to compile class for JSP: 

An error occurred at line: [18] in the jsp file: [/ContactSearch.jsp]
exception cannot be resolved to a type
15:     Connection conn2 = null;
16:     try{
17:         conn2 = DriverManager.getConnection("jdbc:sqlite:/home/rishav/Git/assignment/APT/JAVA-Programming-Assignment/apache-tomcat-10.0.14/webapps/contact_servlet/src/contacts.db");
18:     }catch(exception e){
19:         e.getMessage();
20:     }  
21:     %>


An error occurred at line: [50] in the jsp file: [/ContactSearch.jsp]
query cannot be resolved to a variable
47:         <%
48:         try{
49:            Statement stmt = conn2.createStatement();  
50:             ResultSet result = stmt.executeQuery("SELECT * FROM CONTACTS WHERE NAME="+query+"'"); 
51:             %> 
52:             <table border=1 width=50% height=50%> 
53:             <tr><th>CID</th><th>NAME</th><th>EMAIL</th><tr> 


Stacktrace:
		at org.apache.jasper.compiler.DefaultErrorHandler.javacError(DefaultErrorHandler.java:102)
		at org.apache.jasper.compiler.ErrorDispatcher.javacError(ErrorDispatcher.java:213)
		at org.apache.jasper.compiler.JDTCompiler.generateClass(JDTCompiler.java:487)
		at org.apache.jasper.compiler.Compiler.compile(Compiler.java:397)
		at org.apache.jasper.compiler.Compiler.compile(Compiler.java:367)
		at org.apache.jasper.compiler.Compiler.compile(Compiler.java:351)
		at org.apache.jasper.JspCompilationContext.compile(JspCompilationContext.java:603)
		at org.apache.jasper.servlet.JspServletWrapper.service(JspServletWrapper.java:399)
		at org.apache.jasper.servlet.JspServlet.serviceJspFile(JspServlet.java:380)
		at org.apache.jasper.servlet.JspServlet.service(JspServlet.java:328)
		at jakarta.servlet.http.HttpServlet.service(HttpServlet.java:777)
		at org.apache.catalina.core.ApplicationFilterChain.internalDoFilter(ApplicationFilterChain.java:223)
		at org.apache.catalina.core.ApplicationFilterChain.doFilter(ApplicationFilterChain.java:158)
		at org.apache.tomcat.websocket.server.WsFilter.doFilter(WsFilter.java:53)
		at org.apache.catalina.core.ApplicationFilterChain.internalDoFilter(ApplicationFilterChain.java:185)
		at org.apache.catalina.core.ApplicationFilterChain.doFilter(ApplicationFilterChain.java:158)
		at org.apache.catalina.core.StandardWrapperValve.invoke(StandardWrapperValve.java:197)
		at org.apache.catalina.core.StandardContextValve.invoke(StandardContextValve.java:97)
		at org.apache.catalina.authenticator.AuthenticatorBase.invoke(AuthenticatorBase.java:541)
		at org.apache.catalina.core.StandardHostValve.invoke(StandardHostValve.java:119)
		at org.apache.catalina.valves.ErrorReportValve.invoke(ErrorReportValve.java:92)
		at org.apache.catalina.valves.AbstractAccessLogValve.invoke(AbstractAccessLogValve.java:690)
		at org.apache.catalina.core.StandardEngineValve.invoke(StandardEngineValve.java:78)
		at org.apache.catalina.connector.CoyoteAdapter.service(CoyoteAdapter.java:353)
		at org.apache.coyote.http11.Http11Processor.service(Http11Processor.java:382)
		at org.apache.coyote.AbstractProcessorLight.process(AbstractProcessorLight.java:65)
		at org.apache.coyote.AbstractProtocol$ConnectionHandler.process(AbstractProtocol.java:872)
		at org.apache.tomcat.util.net.NioEndpoint$SocketProcessor.doRun(NioEndpoint.java:1705)
		at org.apache.tomcat.util.net.SocketProcessorBase.run(SocketProcessorBase.java:49)
		at org.apache.tomcat.util.threads.ThreadPoolExecutor.runWorker(ThreadPoolExecutor.java:1191)
		at org.apache.tomcat.util.threads.ThreadPoolExecutor$Worker.run(ThreadPoolExecutor.java:659)
		at org.apache.tomcat.util.threads.TaskThread$WrappingRunnable.run(TaskThread.java:61)
		at java.base/java.lang.Thread.run(Thread.java:833)
05-Jan-2022 16:55:47.561 SEVERE [http-nio-8080-exec-9] org.apache.catalina.core.StandardWrapperValve.invoke Servlet.service() for servlet [jsp] in context with path [/contact_servlet] threw exception [Unable to compile class for JSP: 

An error occurred at line: [18] in the jsp file: [/ContactSearch.jsp]
exception cannot be resolved to a type
15:     Connection conn2 = null;
16:     try{
17:         conn2 = DriverManager.getConnection("jdbc:sqlite:/home/rishav/Git/assignment/APT/JAVA-Programming-Assignment/apache-tomcat-10.0.14/webapps/contact_servlet/src/contacts.db");
18:     }catch(exception e){
19:         e.getMessage();
20:     }  
21:     %>


An error occurred at line: [50] in the jsp file: [/ContactSearch.jsp]
query cannot be resolved to a variable
47:         <%
48:         try{
49:            Statement stmt = conn2.createStatement();  
50:             ResultSet result = stmt.executeQuery("SELECT * FROM CONTACTS WHERE NAME="+query+"'"); 
51:             %> 
52:             <table border=1 width=50% height=50%> 
53:             <tr><th>CID</th><th>NAME</th><th>EMAIL</th><tr> 


Stacktrace:] with root cause
	org.apache.jasper.JasperException: Unable to compile class for JSP: 

An error occurred at line: [18] in the jsp file: [/ContactSearch.jsp]
exception cannot be resolved to a type
15:     Connection conn2 = null;
16:     try{
17:         conn2 = DriverManager.getConnection("jdbc:sqlite:/home/rishav/Git/assignment/APT/JAVA-Programming-Assignment/apache-tomcat-10.0.14/webapps/contact_servlet/src/contacts.db");
18:     }catch(exception e){
19:         e.getMessage();
20:     }  
21:     %>


An error occurred at line: [50] in the jsp file: [/ContactSearch.jsp]
query cannot be resolved to a variable
47:         <%
48:         try{
49:            Statement stmt = conn2.createStatement();  
50:             ResultSet result = stmt.executeQuery("SELECT * FROM CONTACTS WHERE NAME="+query+"'"); 
51:             %> 
52:             <table border=1 width=50% height=50%> 
53:             <tr><th>CID</th><th>NAME</th><th>EMAIL</th><tr> 


Stacktrace:
		at org.apache.jasper.compiler.DefaultErrorHandler.javacError(DefaultErrorHandler.java:102)
		at org.apache.jasper.compiler.ErrorDispatcher.javacError(ErrorDispatcher.java:213)
		at org.apache.jasper.compiler.JDTCompiler.generateClass(JDTCompiler.java:487)
		at org.apache.jasper.compiler.Compiler.compile(Compiler.java:397)
		at org.apache.jasper.compiler.Compiler.compile(Compiler.java:367)
		at org.apache.jasper.compiler.Compiler.compile(Compiler.java:351)
		at org.apache.jasper.JspCompilationContext.compile(JspCompilationContext.java:603)
		at org.apache.jasper.servlet.JspServletWrapper.service(JspServletWrapper.java:399)
		at org.apache.jasper.servlet.JspServlet.serviceJspFile(JspServlet.java:380)
		at org.apache.jasper.servlet.JspServlet.service(JspServlet.java:328)
		at jakarta.servlet.http.HttpServlet.service(HttpServlet.java:777)
		at org.apache.catalina.core.ApplicationFilterChain.internalDoFilter(ApplicationFilterChain.java:223)
		at org.apache.catalina.core.ApplicationFilterChain.doFilter(ApplicationFilterChain.java:158)
		at org.apache.tomcat.websocket.server.WsFilter.doFilter(WsFilter.java:53)
		at org.apache.catalina.core.ApplicationFilterChain.internalDoFilter(ApplicationFilterChain.java:185)
		at org.apache.catalina.core.ApplicationFilterChain.doFilter(ApplicationFilterChain.java:158)
		at org.apache.catalina.core.StandardWrapperValve.invoke(StandardWrapperValve.java:197)
		at org.apache.catalina.core.StandardContextValve.invoke(StandardContextValve.java:97)
		at org.apache.catalina.authenticator.AuthenticatorBase.invoke(AuthenticatorBase.java:541)
		at org.apache.catalina.core.StandardHostValve.invoke(StandardHostValve.java:119)
		at org.apache.catalina.valves.ErrorReportValve.invoke(ErrorReportValve.java:92)
		at org.apache.catalina.valves.AbstractAccessLogValve.invoke(AbstractAccessLogValve.java:690)
		at org.apache.catalina.core.StandardEngineValve.invoke(StandardEngineValve.java:78)
		at org.apache.catalina.connector.CoyoteAdapter.service(CoyoteAdapter.java:353)
		at org.apache.coyote.http11.Http11Processor.service(Http11Processor.java:382)
		at org.apache.coyote.AbstractProcessorLight.process(AbstractProcessorLight.java:65)
		at org.apache.coyote.AbstractProtocol$ConnectionHandler.process(AbstractProtocol.java:872)
		at org.apache.tomcat.util.net.NioEndpoint$SocketProcessor.doRun(NioEndpoint.java:1705)
		at org.apache.tomcat.util.net.SocketProcessorBase.run(SocketProcessorBase.java:49)
		at org.apache.tomcat.util.threads.ThreadPoolExecutor.runWorker(ThreadPoolExecutor.java:1191)
		at org.apache.tomcat.util.threads.ThreadPoolExecutor$Worker.run(ThreadPoolExecutor.java:659)
		at org.apache.tomcat.util.threads.TaskThread$WrappingRunnable.run(TaskThread.java:61)
		at java.base/java.lang.Thread.run(Thread.java:833)
05-Jan-2022 16:55:49.103 SEVERE [http-nio-8080-exec-10] org.apache.catalina.core.StandardWrapperValve.invoke Servlet.service() for servlet [jsp] in context with path [/contact_servlet] threw exception [org.apache.jasper.JasperException: java.lang.ClassNotFoundException: org.apache.jsp.ContactSearch_jsp] with root cause
	java.lang.ClassNotFoundException: org.apache.jsp.ContactSearch_jsp
		at java.base/java.net.URLClassLoader.findClass(URLClassLoader.java:445)
		at org.apache.jasper.servlet.JasperLoader.loadClass(JasperLoader.java:129)
		at org.apache.jasper.servlet.JasperLoader.loadClass(JasperLoader.java:58)
		at org.apache.catalina.core.DefaultInstanceManager.newInstance(DefaultInstanceManager.java:159)
		at org.apache.jasper.servlet.JspServletWrapper.getServlet(JspServletWrapper.java:192)
		at org.apache.jasper.servlet.JspServletWrapper.service(JspServletWrapper.java:413)
		at org.apache.jasper.servlet.JspServlet.serviceJspFile(JspServlet.java:380)
		at org.apache.jasper.servlet.JspServlet.service(JspServlet.java:328)
		at jakarta.servlet.http.HttpServlet.service(HttpServlet.java:777)
		at org.apache.catalina.core.ApplicationFilterChain.internalDoFilter(ApplicationFilterChain.java:223)
		at org.apache.catalina.core.ApplicationFilterChain.doFilter(ApplicationFilterChain.java:158)
		at org.apache.tomcat.websocket.server.WsFilter.doFilter(WsFilter.java:53)
		at org.apache.catalina.core.ApplicationFilterChain.internalDoFilter(ApplicationFilterChain.java:185)
		at org.apache.catalina.core.ApplicationFilterChain.doFilter(ApplicationFilterChain.java:158)
		at org.apache.catalina.core.StandardWrapperValve.invoke(StandardWrapperValve.java:197)
		at org.apache.catalina.core.StandardContextValve.invoke(StandardContextValve.java:97)
		at org.apache.catalina.authenticator.AuthenticatorBase.invoke(AuthenticatorBase.java:541)
		at org.apache.catalina.core.StandardHostValve.invoke(StandardHostValve.java:119)
		at org.apache.catalina.valves.ErrorReportValve.invoke(ErrorReportValve.java:92)
		at org.apache.catalina.valves.AbstractAccessLogValve.invoke(AbstractAccessLogValve.java:690)
		at org.apache.catalina.core.StandardEngineValve.invoke(StandardEngineValve.java:78)
		at org.apache.catalina.connector.CoyoteAdapter.service(CoyoteAdapter.java:353)
		at org.apache.coyote.http11.Http11Processor.service(Http11Processor.java:382)
		at org.apache.coyote.AbstractProcessorLight.process(AbstractProcessorLight.java:65)
		at org.apache.coyote.AbstractProtocol$ConnectionHandler.process(AbstractProtocol.java:872)
		at org.apache.tomcat.util.net.NioEndpoint$SocketProcessor.doRun(NioEndpoint.java:1705)
		at org.apache.tomcat.util.net.SocketProcessorBase.run(SocketProcessorBase.java:49)
		at org.apache.tomcat.util.threads.ThreadPoolExecutor.runWorker(ThreadPoolExecutor.java:1191)
		at org.apache.tomcat.util.threads.ThreadPoolExecutor$Worker.run(ThreadPoolExecutor.java:659)
		at org.apache.tomcat.util.threads.TaskThread$WrappingRunnable.run(TaskThread.java:61)
		at java.base/java.lang.Thread.run(Thread.java:833)
05-Jan-2022 16:56:03.393 SEVERE [http-nio-8080-exec-1] org.apache.catalina.core.StandardWrapperValve.invoke Servlet.service() for servlet [jsp] in context with path [/contact_servlet] threw exception [Unable to compile class for JSP: 

An error occurred at line: [18] in the jsp file: [/ContactSearch.jsp]
exception cannot be resolved to a type
15:     Connection conn2 = null;
16:     try{
17:         conn2 = DriverManager.getConnection("jdbc:sqlite:/home/rishav/Git/assignment/APT/JAVA-Programming-Assignment/apache-tomcat-10.0.14/webapps/contact_servlet/src/contacts.db");
18:     }catch(exception e){
19:         e.getMessage();
20:     }  
21:     %>


An error occurred at line: [50] in the jsp file: [/ContactSearch.jsp]
query cannot be resolved to a variable
47:         <%
48:         try{
49:            Statement stmt = conn2.createStatement();  
50:             ResultSet result = stmt.executeQuery("SELECT * FROM CONTACTS WHERE NAME="+query+"'"); 
51:             %> 
52:             <table border=1 width=50% height=50%> 
53:             <tr><th>CID</th><th>NAME</th><th>EMAIL</th><tr> 


Stacktrace:] with root cause
	org.apache.jasper.JasperException: Unable to compile class for JSP: 

An error occurred at line: [18] in the jsp file: [/ContactSearch.jsp]
exception cannot be resolved to a type
15:     Connection conn2 = null;
16:     try{
17:         conn2 = DriverManager.getConnection("jdbc:sqlite:/home/rishav/Git/assignment/APT/JAVA-Programming-Assignment/apache-tomcat-10.0.14/webapps/contact_servlet/src/contacts.db");
18:     }catch(exception e){
19:         e.getMessage();
20:     }  
21:     %>


An error occurred at line: [50] in the jsp file: [/ContactSearch.jsp]
query cannot be resolved to a variable
47:         <%
48:         try{
49:            Statement stmt = conn2.createStatement();  
50:             ResultSet result = stmt.executeQuery("SELECT * FROM CONTACTS WHERE NAME="+query+"'"); 
51:             %> 
52:             <table border=1 width=50% height=50%> 
53:             <tr><th>CID</th><th>NAME</th><th>EMAIL</th><tr> 


Stacktrace:
		at org.apache.jasper.compiler.DefaultErrorHandler.javacError(DefaultErrorHandler.java:102)
		at org.apache.jasper.compiler.ErrorDispatcher.javacError(ErrorDispatcher.java:213)
		at org.apache.jasper.compiler.JDTCompiler.generateClass(JDTCompiler.java:487)
		at org.apache.jasper.compiler.Compiler.compile(Compiler.java:397)
		at org.apache.jasper.compiler.Compiler.compile(Compiler.java:367)
		at org.apache.jasper.compiler.Compiler.compile(Compiler.java:351)
		at org.apache.jasper.JspCompilationContext.compile(JspCompilationContext.java:603)
		at org.apache.jasper.servlet.JspServletWrapper.service(JspServletWrapper.java:399)
		at org.apache.jasper.servlet.JspServlet.serviceJspFile(JspServlet.java:380)
		at org.apache.jasper.servlet.JspServlet.service(JspServlet.java:328)
		at jakarta.servlet.http.HttpServlet.service(HttpServlet.java:777)
		at org.apache.catalina.core.ApplicationFilterChain.internalDoFilter(ApplicationFilterChain.java:223)
		at org.apache.catalina.core.ApplicationFilterChain.doFilter(ApplicationFilterChain.java:158)
		at org.apache.tomcat.websocket.server.WsFilter.doFilter(WsFilter.java:53)
		at org.apache.catalina.core.ApplicationFilterChain.internalDoFilter(ApplicationFilterChain.java:185)
		at org.apache.catalina.core.ApplicationFilterChain.doFilter(ApplicationFilterChain.java:158)
		at org.apache.catalina.core.StandardWrapperValve.invoke(StandardWrapperValve.java:197)
		at org.apache.catalina.core.StandardContextValve.invoke(StandardContextValve.java:97)
		at org.apache.catalina.authenticator.AuthenticatorBase.invoke(AuthenticatorBase.java:541)
		at org.apache.catalina.core.StandardHostValve.invoke(StandardHostValve.java:119)
		at org.apache.catalina.valves.ErrorReportValve.invoke(ErrorReportValve.java:92)
		at org.apache.catalina.valves.AbstractAccessLogValve.invoke(AbstractAccessLogValve.java:690)
		at org.apache.catalina.core.StandardEngineValve.invoke(StandardEngineValve.java:78)
		at org.apache.catalina.connector.CoyoteAdapter.service(CoyoteAdapter.java:353)
		at org.apache.coyote.http11.Http11Processor.service(Http11Processor.java:382)
		at org.apache.coyote.AbstractProcessorLight.process(AbstractProcessorLight.java:65)
		at org.apache.coyote.AbstractProtocol$ConnectionHandler.process(AbstractProtocol.java:872)
		at org.apache.tomcat.util.net.NioEndpoint$SocketProcessor.doRun(NioEndpoint.java:1705)
		at org.apache.tomcat.util.net.SocketProcessorBase.run(SocketProcessorBase.java:49)
		at org.apache.tomcat.util.threads.ThreadPoolExecutor.runWorker(ThreadPoolExecutor.java:1191)
		at org.apache.tomcat.util.threads.ThreadPoolExecutor$Worker.run(ThreadPoolExecutor.java:659)
		at org.apache.tomcat.util.threads.TaskThread$WrappingRunnable.run(TaskThread.java:61)
		at java.base/java.lang.Thread.run(Thread.java:833)
05-Jan-2022 16:56:10.696 INFO [main] org.apache.catalina.core.ApplicationContext.log SessionListener: contextDestroyed()
05-Jan-2022 16:56:10.696 INFO [main] org.apache.catalina.core.ApplicationContext.log ContextListener: contextDestroyed()
05-Jan-2022 16:56:13.310 INFO [main] org.apache.catalina.core.ApplicationContext.log ContextListener: contextInitialized()
05-Jan-2022 16:56:13.310 INFO [main] org.apache.catalina.core.ApplicationContext.log SessionListener: contextInitialized()
05-Jan-2022 16:56:13.313 INFO [main] org.apache.catalina.core.ApplicationContext.log ContextListener: attributeAdded('StockTicker', 'async.Stockticker@6e78fcf5')
05-Jan-2022 16:56:17.314 SEVERE [http-nio-8080-exec-1] org.apache.catalina.core.StandardWrapperValve.invoke Servlet.service() for servlet [jsp] in context with path [/contact_servlet] threw exception [Unable to compile class for JSP: 

An error occurred at line: [18] in the jsp file: [/ContactSearch.jsp]
exception cannot be resolved to a type
15:     Connection conn2 = null;
16:     try{
17:         conn2 = DriverManager.getConnection("jdbc:sqlite:/home/rishav/Git/assignment/APT/JAVA-Programming-Assignment/apache-tomcat-10.0.14/webapps/contact_servlet/src/contacts.db");
18:     }catch(exception e){
19:         e.getMessage();
20:     }  
21:     %>


An error occurred at line: [50] in the jsp file: [/ContactSearch.jsp]
query cannot be resolved to a variable
47:         <%
48:         try{
49:            Statement stmt = conn2.createStatement();  
50:             ResultSet result = stmt.executeQuery("SELECT * FROM CONTACTS WHERE NAME="+query+"'"); 
51:             %> 
52:             <table border=1 width=50% height=50%> 
53:             <tr><th>CID</th><th>NAME</th><th>EMAIL</th><tr> 


Stacktrace:] with root cause
	org.apache.jasper.JasperException: Unable to compile class for JSP: 

An error occurred at line: [18] in the jsp file: [/ContactSearch.jsp]
exception cannot be resolved to a type
15:     Connection conn2 = null;
16:     try{
17:         conn2 = DriverManager.getConnection("jdbc:sqlite:/home/rishav/Git/assignment/APT/JAVA-Programming-Assignment/apache-tomcat-10.0.14/webapps/contact_servlet/src/contacts.db");
18:     }catch(exception e){
19:         e.getMessage();
20:     }  
21:     %>


An error occurred at line: [50] in the jsp file: [/ContactSearch.jsp]
query cannot be resolved to a variable
47:         <%
48:         try{
49:            Statement stmt = conn2.createStatement();  
50:             ResultSet result = stmt.executeQuery("SELECT * FROM CONTACTS WHERE NAME="+query+"'"); 
51:             %> 
52:             <table border=1 width=50% height=50%> 
53:             <tr><th>CID</th><th>NAME</th><th>EMAIL</th><tr> 


Stacktrace:
		at org.apache.jasper.compiler.DefaultErrorHandler.javacError(DefaultErrorHandler.java:102)
		at org.apache.jasper.compiler.ErrorDispatcher.javacError(ErrorDispatcher.java:213)
		at org.apache.jasper.compiler.JDTCompiler.generateClass(JDTCompiler.java:487)
		at org.apache.jasper.compiler.Compiler.compile(Compiler.java:397)
		at org.apache.jasper.compiler.Compiler.compile(Compiler.java:367)
		at org.apache.jasper.compiler.Compiler.compile(Compiler.java:351)
		at org.apache.jasper.JspCompilationContext.compile(JspCompilationContext.java:603)
		at org.apache.jasper.servlet.JspServletWrapper.service(JspServletWrapper.java:399)
		at org.apache.jasper.servlet.JspServlet.serviceJspFile(JspServlet.java:380)
		at org.apache.jasper.servlet.JspServlet.service(JspServlet.java:328)
		at jakarta.servlet.http.HttpServlet.service(HttpServlet.java:777)
		at org.apache.catalina.core.ApplicationFilterChain.internalDoFilter(ApplicationFilterChain.java:223)
		at org.apache.catalina.core.ApplicationFilterChain.doFilter(ApplicationFilterChain.java:158)
		at org.apache.tomcat.websocket.server.WsFilter.doFilter(WsFilter.java:53)
		at org.apache.catalina.core.ApplicationFilterChain.internalDoFilter(ApplicationFilterChain.java:185)
		at org.apache.catalina.core.ApplicationFilterChain.doFilter(ApplicationFilterChain.java:158)
		at org.apache.catalina.core.StandardWrapperValve.invoke(StandardWrapperValve.java:197)
		at org.apache.catalina.core.StandardContextValve.invoke(StandardContextValve.java:97)
		at org.apache.catalina.authenticator.AuthenticatorBase.invoke(AuthenticatorBase.java:541)
		at org.apache.catalina.core.StandardHostValve.invoke(StandardHostValve.java:119)
		at org.apache.catalina.valves.ErrorReportValve.invoke(ErrorReportValve.java:92)
		at org.apache.catalina.valves.AbstractAccessLogValve.invoke(AbstractAccessLogValve.java:690)
		at org.apache.catalina.core.StandardEngineValve.invoke(StandardEngineValve.java:78)
		at org.apache.catalina.connector.CoyoteAdapter.service(CoyoteAdapter.java:353)
		at org.apache.coyote.http11.Http11Processor.service(Http11Processor.java:382)
		at org.apache.coyote.AbstractProcessorLight.process(AbstractProcessorLight.java:65)
		at org.apache.coyote.AbstractProtocol$ConnectionHandler.process(AbstractProtocol.java:872)
		at org.apache.tomcat.util.net.NioEndpoint$SocketProcessor.doRun(NioEndpoint.java:1705)
		at org.apache.tomcat.util.net.SocketProcessorBase.run(SocketProcessorBase.java:49)
		at org.apache.tomcat.util.threads.ThreadPoolExecutor.runWorker(ThreadPoolExecutor.java:1191)
		at org.apache.tomcat.util.threads.ThreadPoolExecutor$Worker.run(ThreadPoolExecutor.java:659)
		at org.apache.tomcat.util.threads.TaskThread$WrappingRunnable.run(TaskThread.java:61)
		at java.base/java.lang.Thread.run(Thread.java:833)
05-Jan-2022 16:57:44.030 SEVERE [http-nio-8080-exec-2] org.apache.catalina.core.StandardWrapperValve.invoke Servlet.service() for servlet [jsp] in context with path [/contact_servlet] threw exception [Unable to compile class for JSP: 

An error occurred at line: [50] in the jsp file: [/ContactSearch.jsp]
query cannot be resolved to a variable
47:         <%
48:         try{
49:            Statement stmt = conn2.createStatement();  
50:             ResultSet result = stmt.executeQuery("SELECT * FROM CONTACTS WHERE NAME="+query+"'"); 
51:             %> 
52:             <table border=1 width=50% height=50%> 
53:             <tr><th>CID</th><th>NAME</th><th>EMAIL</th><tr> 


Stacktrace:] with root cause
	org.apache.jasper.JasperException: Unable to compile class for JSP: 

An error occurred at line: [50] in the jsp file: [/ContactSearch.jsp]
query cannot be resolved to a variable
47:         <%
48:         try{
49:            Statement stmt = conn2.createStatement();  
50:             ResultSet result = stmt.executeQuery("SELECT * FROM CONTACTS WHERE NAME="+query+"'"); 
51:             %> 
52:             <table border=1 width=50% height=50%> 
53:             <tr><th>CID</th><th>NAME</th><th>EMAIL</th><tr> 


Stacktrace:
		at org.apache.jasper.compiler.DefaultErrorHandler.javacError(DefaultErrorHandler.java:102)
		at org.apache.jasper.compiler.ErrorDispatcher.javacError(ErrorDispatcher.java:213)
		at org.apache.jasper.compiler.JDTCompiler.generateClass(JDTCompiler.java:487)
		at org.apache.jasper.compiler.Compiler.compile(Compiler.java:397)
		at org.apache.jasper.compiler.Compiler.compile(Compiler.java:367)
		at org.apache.jasper.compiler.Compiler.compile(Compiler.java:351)
		at org.apache.jasper.JspCompilationContext.compile(JspCompilationContext.java:603)
		at org.apache.jasper.servlet.JspServletWrapper.service(JspServletWrapper.java:399)
		at org.apache.jasper.servlet.JspServlet.serviceJspFile(JspServlet.java:380)
		at org.apache.jasper.servlet.JspServlet.service(JspServlet.java:328)
		at jakarta.servlet.http.HttpServlet.service(HttpServlet.java:777)
		at org.apache.catalina.core.ApplicationFilterChain.internalDoFilter(ApplicationFilterChain.java:223)
		at org.apache.catalina.core.ApplicationFilterChain.doFilter(ApplicationFilterChain.java:158)
		at org.apache.tomcat.websocket.server.WsFilter.doFilter(WsFilter.java:53)
		at org.apache.catalina.core.ApplicationFilterChain.internalDoFilter(ApplicationFilterChain.java:185)
		at org.apache.catalina.core.ApplicationFilterChain.doFilter(ApplicationFilterChain.java:158)
		at org.apache.catalina.core.StandardWrapperValve.invoke(StandardWrapperValve.java:197)
		at org.apache.catalina.core.StandardContextValve.invoke(StandardContextValve.java:97)
		at org.apache.catalina.authenticator.AuthenticatorBase.invoke(AuthenticatorBase.java:541)
		at org.apache.catalina.core.StandardHostValve.invoke(StandardHostValve.java:119)
		at org.apache.catalina.valves.ErrorReportValve.invoke(ErrorReportValve.java:92)
		at org.apache.catalina.valves.AbstractAccessLogValve.invoke(AbstractAccessLogValve.java:690)
		at org.apache.catalina.core.StandardEngineValve.invoke(StandardEngineValve.java:78)
		at org.apache.catalina.connector.CoyoteAdapter.service(CoyoteAdapter.java:353)
		at org.apache.coyote.http11.Http11Processor.service(Http11Processor.java:382)
		at org.apache.coyote.AbstractProcessorLight.process(AbstractProcessorLight.java:65)
		at org.apache.coyote.AbstractProtocol$ConnectionHandler.process(AbstractProtocol.java:872)
		at org.apache.tomcat.util.net.NioEndpoint$SocketProcessor.doRun(NioEndpoint.java:1705)
		at org.apache.tomcat.util.net.SocketProcessorBase.run(SocketProcessorBase.java:49)
		at org.apache.tomcat.util.threads.ThreadPoolExecutor.runWorker(ThreadPoolExecutor.java:1191)
		at org.apache.tomcat.util.threads.ThreadPoolExecutor$Worker.run(ThreadPoolExecutor.java:659)
		at org.apache.tomcat.util.threads.TaskThread$WrappingRunnable.run(TaskThread.java:61)
		at java.base/java.lang.Thread.run(Thread.java:833)
05-Jan-2022 17:06:54.642 SEVERE [http-nio-8080-exec-3] org.apache.catalina.core.StandardWrapperValve.invoke Servlet.service() for servlet [jsp] in context with path [/contact_servlet] threw exception [Unable to compile class for JSP: 

An error occurred at line: [61] in the jsp file: [/ContactSearch.jsp]
Syntax error on token "Invalid Character", delete this token
58:             while (result.next()){  
59:                 %>
60:                 <tr>
61:                     <td><%=\result.getInt("CID") %></td>
62:                     <td><%=result.getString("NAME") %></td>
63:                     <td><%=result.getString("EMAIL") %></td>
64:                     </tr>


An error occurred at line: [69] in the jsp file: [/ContactSearch.jsp]
Syntax error on token "%=", @ expected
66:                     }  
67:             conn2.close();
68:             }catch(Exception ex){
69:                 <%=ex.printStackTrace()%>
70:             }
71:             %>
72:         </table>


An error occurred at line: [69] in the jsp file: [/ContactSearch.jsp]
out.write cannot be resolved to a type
66:                     }  
67:             conn2.close();
68:             }catch(Exception ex){
69:                 <%=ex.printStackTrace()%>
70:             }
71:             %>
72:         </table>


An error occurred at line: [69] in the jsp file: [/ContactSearch.jsp]
Syntax error, insert ">" to complete ReferenceType1
66:                     }  
67:             conn2.close();
68:             }catch(Exception ex){
69:                 <%=ex.printStackTrace()%>
70:             }
71:             %>
72:         </table>


An error occurred at line: [69] in the jsp file: [/ContactSearch.jsp]
Syntax error, insert "super ( ) ;" to complete BlockStatements
66:                     }  
67:             conn2.close();
68:             }catch(Exception ex){
69:                 <%=ex.printStackTrace()%>
70:             }
71:             %>
72:         </table>


An error occurred at line: [69] in the jsp file: [/ContactSearch.jsp]
Constructor call must be the first statement in a constructor
66:                     }  
67:             conn2.close();
68:             }catch(Exception ex){
69:                 <%=ex.printStackTrace()%>
70:             }
71:             %>
72:         </table>


An error occurred at line: [69] in the jsp file: [/ContactSearch.jsp]
The left-hand side of an assignment must be a variable
66:                     }  
67:             conn2.close();
68:             }catch(Exception ex){
69:                 <%=ex.printStackTrace()%>
70:             }
71:             %>
72:         </table>


An error occurred at line: [69] in the jsp file: [/ContactSearch.jsp]
Syntax error, insert "AssignmentOperator Expression" to complete Expression
66:                     }  
67:             conn2.close();
68:             }catch(Exception ex){
69:                 <%=ex.printStackTrace()%>
70:             }
71:             %>
72:         </table>


An error occurred at line: [233] in the generated java file: [/home/rishav/Git/assignment/APT/JAVA-Programming-Assignment/apache-tomcat-10.0.14/work/Catalina/localhost/contact_servlet/org/apache/jsp/ContactSearch_jsp.java]
Syntax error, insert "Finally" to complete TryStatement

An error occurred at line: [234] in the generated java file: [/home/rishav/Git/assignment/APT/JAVA-Programming-Assignment/apache-tomcat-10.0.14/work/Catalina/localhost/contact_servlet/org/apache/jsp/ContactSearch_jsp.java]
Syntax error, insert "}" to complete ClassBody

Stacktrace:] with root cause
	org.apache.jasper.JasperException: Unable to compile class for JSP: 

An error occurred at line: [61] in the jsp file: [/ContactSearch.jsp]
Syntax error on token "Invalid Character", delete this token
58:             while (result.next()){  
59:                 %>
60:                 <tr>
61:                     <td><%=\result.getInt("CID") %></td>
62:                     <td><%=result.getString("NAME") %></td>
63:                     <td><%=result.getString("EMAIL") %></td>
64:                     </tr>


An error occurred at line: [69] in the jsp file: [/ContactSearch.jsp]
Syntax error on token "%=", @ expected
66:                     }  
67:             conn2.close();
68:             }catch(Exception ex){
69:                 <%=ex.printStackTrace()%>
70:             }
71:             %>
72:         </table>


An error occurred at line: [69] in the jsp file: [/ContactSearch.jsp]
out.write cannot be resolved to a type
66:                     }  
67:             conn2.close();
68:             }catch(Exception ex){
69:                 <%=ex.printStackTrace()%>
70:             }
71:             %>
72:         </table>


An error occurred at line: [69] in the jsp file: [/ContactSearch.jsp]
Syntax error, insert ">" to complete ReferenceType1
66:                     }  
67:             conn2.close();
68:             }catch(Exception ex){
69:                 <%=ex.printStackTrace()%>
70:             }
71:             %>
72:         </table>


An error occurred at line: [69] in the jsp file: [/ContactSearch.jsp]
Syntax error, insert "super ( ) ;" to complete BlockStatements
66:                     }  
67:             conn2.close();
68:             }catch(Exception ex){
69:                 <%=ex.printStackTrace()%>
70:             }
71:             %>
72:         </table>


An error occurred at line: [69] in the jsp file: [/ContactSearch.jsp]
Constructor call must be the first statement in a constructor
66:                     }  
67:             conn2.close();
68:             }catch(Exception ex){
69:                 <%=ex.printStackTrace()%>
70:             }
71:             %>
72:         </table>


An error occurred at line: [69] in the jsp file: [/ContactSearch.jsp]
The left-hand side of an assignment must be a variable
66:                     }  
67:             conn2.close();
68:             }catch(Exception ex){
69:                 <%=ex.printStackTrace()%>
70:             }
71:             %>
72:         </table>


An error occurred at line: [69] in the jsp file: [/ContactSearch.jsp]
Syntax error, insert "AssignmentOperator Expression" to complete Expression
66:                     }  
67:             conn2.close();
68:             }catch(Exception ex){
69:                 <%=ex.printStackTrace()%>
70:             }
71:             %>
72:         </table>


An error occurred at line: [233] in the generated java file: [/home/rishav/Git/assignment/APT/JAVA-Programming-Assignment/apache-tomcat-10.0.14/work/Catalina/localhost/contact_servlet/org/apache/jsp/ContactSearch_jsp.java]
Syntax error, insert "Finally" to complete TryStatement

An error occurred at line: [234] in the generated java file: [/home/rishav/Git/assignment/APT/JAVA-Programming-Assignment/apache-tomcat-10.0.14/work/Catalina/localhost/contact_servlet/org/apache/jsp/ContactSearch_jsp.java]
Syntax error, insert "}" to complete ClassBody

Stacktrace:
		at org.apache.jasper.compiler.DefaultErrorHandler.javacError(DefaultErrorHandler.java:102)
		at org.apache.jasper.compiler.ErrorDispatcher.javacError(ErrorDispatcher.java:213)
		at org.apache.jasper.compiler.JDTCompiler.generateClass(JDTCompiler.java:487)
		at org.apache.jasper.compiler.Compiler.compile(Compiler.java:397)
		at org.apache.jasper.compiler.Compiler.compile(Compiler.java:367)
		at org.apache.jasper.compiler.Compiler.compile(Compiler.java:351)
		at org.apache.jasper.JspCompilationContext.compile(JspCompilationContext.java:603)
		at org.apache.jasper.servlet.JspServletWrapper.service(JspServletWrapper.java:399)
		at org.apache.jasper.servlet.JspServlet.serviceJspFile(JspServlet.java:380)
		at org.apache.jasper.servlet.JspServlet.service(JspServlet.java:328)
		at jakarta.servlet.http.HttpServlet.service(HttpServlet.java:777)
		at org.apache.catalina.core.ApplicationFilterChain.internalDoFilter(ApplicationFilterChain.java:223)
		at org.apache.catalina.core.ApplicationFilterChain.doFilter(ApplicationFilterChain.java:158)
		at org.apache.tomcat.websocket.server.WsFilter.doFilter(WsFilter.java:53)
		at org.apache.catalina.core.ApplicationFilterChain.internalDoFilter(ApplicationFilterChain.java:185)
		at org.apache.catalina.core.ApplicationFilterChain.doFilter(ApplicationFilterChain.java:158)
		at org.apache.catalina.core.StandardWrapperValve.invoke(StandardWrapperValve.java:197)
		at org.apache.catalina.core.StandardContextValve.invoke(StandardContextValve.java:97)
		at org.apache.catalina.authenticator.AuthenticatorBase.invoke(AuthenticatorBase.java:541)
		at org.apache.catalina.core.StandardHostValve.invoke(StandardHostValve.java:119)
		at org.apache.catalina.valves.ErrorReportValve.invoke(ErrorReportValve.java:92)
		at org.apache.catalina.valves.AbstractAccessLogValve.invoke(AbstractAccessLogValve.java:690)
		at org.apache.catalina.core.StandardEngineValve.invoke(StandardEngineValve.java:78)
		at org.apache.catalina.connector.CoyoteAdapter.service(CoyoteAdapter.java:353)
		at org.apache.coyote.http11.Http11Processor.service(Http11Processor.java:382)
		at org.apache.coyote.AbstractProcessorLight.process(AbstractProcessorLight.java:65)
		at org.apache.coyote.AbstractProtocol$ConnectionHandler.process(AbstractProtocol.java:872)
		at org.apache.tomcat.util.net.NioEndpoint$SocketProcessor.doRun(NioEndpoint.java:1705)
		at org.apache.tomcat.util.net.SocketProcessorBase.run(SocketProcessorBase.java:49)
		at org.apache.tomcat.util.threads.ThreadPoolExecutor.runWorker(ThreadPoolExecutor.java:1191)
		at org.apache.tomcat.util.threads.ThreadPoolExecutor$Worker.run(ThreadPoolExecutor.java:659)
		at org.apache.tomcat.util.threads.TaskThread$WrappingRunnable.run(TaskThread.java:61)
		at java.base/java.lang.Thread.run(Thread.java:833)
05-Jan-2022 17:07:19.228 INFO [main] org.apache.catalina.core.ApplicationContext.log SessionListener: contextDestroyed()
05-Jan-2022 17:07:19.228 INFO [main] org.apache.catalina.core.ApplicationContext.log ContextListener: contextDestroyed()
05-Jan-2022 17:07:21.937 INFO [main] org.apache.catalina.core.ApplicationContext.log ContextListener: contextInitialized()
05-Jan-2022 17:07:21.937 INFO [main] org.apache.catalina.core.ApplicationContext.log SessionListener: contextInitialized()
05-Jan-2022 17:07:21.938 INFO [main] org.apache.catalina.core.ApplicationContext.log ContextListener: attributeAdded('StockTicker', 'async.Stockticker@127d7908')
05-Jan-2022 17:07:30.371 SEVERE [http-nio-8080-exec-1] org.apache.catalina.core.StandardWrapperValve.invoke Servlet.service() for servlet [jsp] in context with path [/contact_servlet] threw exception [Unable to compile class for JSP: 

An error occurred at line: [61] in the jsp file: [/ContactSearch.jsp]
Syntax error on token "Invalid Character", delete this token
58:             while (result.next()){  
59:                 %>
60:                 <tr>
61:                     <td><%=\result.getInt("CID") %></td>
62:                     <td><%=result.getString("NAME") %></td>
63:                     <td><%=result.getString("EMAIL") %></td>
64:                     </tr>


An error occurred at line: [69] in the jsp file: [/ContactSearch.jsp]
Syntax error on token "%=", @ expected
66:                     }  
67:             conn2.close();
68:             }catch(Exception ex){
69:                 <%=ex.printStackTrace()%>
70:             }
71:             %>
72:         </table>


An error occurred at line: [69] in the jsp file: [/ContactSearch.jsp]
out.write cannot be resolved to a type
66:                     }  
67:             conn2.close();
68:             }catch(Exception ex){
69:                 <%=ex.printStackTrace()%>
70:             }
71:             %>
72:         </table>


An error occurred at line: [69] in the jsp file: [/ContactSearch.jsp]
Syntax error, insert ">" to complete ReferenceType1
66:                     }  
67:             conn2.close();
68:             }catch(Exception ex){
69:                 <%=ex.printStackTrace()%>
70:             }
71:             %>
72:         </table>


An error occurred at line: [69] in the jsp file: [/ContactSearch.jsp]
Syntax error, insert "super ( ) ;" to complete BlockStatements
66:                     }  
67:             conn2.close();
68:             }catch(Exception ex){
69:                 <%=ex.printStackTrace()%>
70:             }
71:             %>
72:         </table>


An error occurred at line: [69] in the jsp file: [/ContactSearch.jsp]
Constructor call must be the first statement in a constructor
66:                     }  
67:             conn2.close();
68:             }catch(Exception ex){
69:                 <%=ex.printStackTrace()%>
70:             }
71:             %>
72:         </table>


An error occurred at line: [69] in the jsp file: [/ContactSearch.jsp]
The left-hand side of an assignment must be a variable
66:                     }  
67:             conn2.close();
68:             }catch(Exception ex){
69:                 <%=ex.printStackTrace()%>
70:             }
71:             %>
72:         </table>


An error occurred at line: [69] in the jsp file: [/ContactSearch.jsp]
Syntax error, insert "AssignmentOperator Expression" to complete Expression
66:                     }  
67:             conn2.close();
68:             }catch(Exception ex){
69:                 <%=ex.printStackTrace()%>
70:             }
71:             %>
72:         </table>


An error occurred at line: [233] in the generated java file: [/home/rishav/Git/assignment/APT/JAVA-Programming-Assignment/apache-tomcat-10.0.14/work/Catalina/localhost/contact_servlet/org/apache/jsp/ContactSearch_jsp.java]
Syntax error, insert "Finally" to complete TryStatement

An error occurred at line: [234] in the generated java file: [/home/rishav/Git/assignment/APT/JAVA-Programming-Assignment/apache-tomcat-10.0.14/work/Catalina/localhost/contact_servlet/org/apache/jsp/ContactSearch_jsp.java]
Syntax error, insert "}" to complete ClassBody

Stacktrace:] with root cause
	org.apache.jasper.JasperException: Unable to compile class for JSP: 

An error occurred at line: [61] in the jsp file: [/ContactSearch.jsp]
Syntax error on token "Invalid Character", delete this token
58:             while (result.next()){  
59:                 %>
60:                 <tr>
61:                     <td><%=\result.getInt("CID") %></td>
62:                     <td><%=result.getString("NAME") %></td>
63:                     <td><%=result.getString("EMAIL") %></td>
64:                     </tr>


An error occurred at line: [69] in the jsp file: [/ContactSearch.jsp]
Syntax error on token "%=", @ expected
66:                     }  
67:             conn2.close();
68:             }catch(Exception ex){
69:                 <%=ex.printStackTrace()%>
70:             }
71:             %>
72:         </table>


An error occurred at line: [69] in the jsp file: [/ContactSearch.jsp]
out.write cannot be resolved to a type
66:                     }  
67:             conn2.close();
68:             }catch(Exception ex){
69:                 <%=ex.printStackTrace()%>
70:             }
71:             %>
72:         </table>


An error occurred at line: [69] in the jsp file: [/ContactSearch.jsp]
Syntax error, insert ">" to complete ReferenceType1
66:                     }  
67:             conn2.close();
68:             }catch(Exception ex){
69:                 <%=ex.printStackTrace()%>
70:             }
71:             %>
72:         </table>


An error occurred at line: [69] in the jsp file: [/ContactSearch.jsp]
Syntax error, insert "super ( ) ;" to complete BlockStatements
66:                     }  
67:             conn2.close();
68:             }catch(Exception ex){
69:                 <%=ex.printStackTrace()%>
70:             }
71:             %>
72:         </table>


An error occurred at line: [69] in the jsp file: [/ContactSearch.jsp]
Constructor call must be the first statement in a constructor
66:                     }  
67:             conn2.close();
68:             }catch(Exception ex){
69:                 <%=ex.printStackTrace()%>
70:             }
71:             %>
72:         </table>


An error occurred at line: [69] in the jsp file: [/ContactSearch.jsp]
The left-hand side of an assignment must be a variable
66:                     }  
67:             conn2.close();
68:             }catch(Exception ex){
69:                 <%=ex.printStackTrace()%>
70:             }
71:             %>
72:         </table>


An error occurred at line: [69] in the jsp file: [/ContactSearch.jsp]
Syntax error, insert "AssignmentOperator Expression" to complete Expression
66:                     }  
67:             conn2.close();
68:             }catch(Exception ex){
69:                 <%=ex.printStackTrace()%>
70:             }
71:             %>
72:         </table>


An error occurred at line: [233] in the generated java file: [/home/rishav/Git/assignment/APT/JAVA-Programming-Assignment/apache-tomcat-10.0.14/work/Catalina/localhost/contact_servlet/org/apache/jsp/ContactSearch_jsp.java]
Syntax error, insert "Finally" to complete TryStatement

An error occurred at line: [234] in the generated java file: [/home/rishav/Git/assignment/APT/JAVA-Programming-Assignment/apache-tomcat-10.0.14/work/Catalina/localhost/contact_servlet/org/apache/jsp/ContactSearch_jsp.java]
Syntax error, insert "}" to complete ClassBody

Stacktrace:
		at org.apache.jasper.compiler.DefaultErrorHandler.javacError(DefaultErrorHandler.java:102)
		at org.apache.jasper.compiler.ErrorDispatcher.javacError(ErrorDispatcher.java:213)
		at org.apache.jasper.compiler.JDTCompiler.generateClass(JDTCompiler.java:487)
		at org.apache.jasper.compiler.Compiler.compile(Compiler.java:397)
		at org.apache.jasper.compiler.Compiler.compile(Compiler.java:367)
		at org.apache.jasper.compiler.Compiler.compile(Compiler.java:351)
		at org.apache.jasper.JspCompilationContext.compile(JspCompilationContext.java:603)
		at org.apache.jasper.servlet.JspServletWrapper.service(JspServletWrapper.java:399)
		at org.apache.jasper.servlet.JspServlet.serviceJspFile(JspServlet.java:380)
		at org.apache.jasper.servlet.JspServlet.service(JspServlet.java:328)
		at jakarta.servlet.http.HttpServlet.service(HttpServlet.java:777)
		at org.apache.catalina.core.ApplicationFilterChain.internalDoFilter(ApplicationFilterChain.java:223)
		at org.apache.catalina.core.ApplicationFilterChain.doFilter(ApplicationFilterChain.java:158)
		at org.apache.tomcat.websocket.server.WsFilter.doFilter(WsFilter.java:53)
		at org.apache.catalina.core.ApplicationFilterChain.internalDoFilter(ApplicationFilterChain.java:185)
		at org.apache.catalina.core.ApplicationFilterChain.doFilter(ApplicationFilterChain.java:158)
		at org.apache.catalina.core.StandardWrapperValve.invoke(StandardWrapperValve.java:197)
		at org.apache.catalina.core.StandardContextValve.invoke(StandardContextValve.java:97)
		at org.apache.catalina.authenticator.AuthenticatorBase.invoke(AuthenticatorBase.java:541)
		at org.apache.catalina.core.StandardHostValve.invoke(StandardHostValve.java:119)
		at org.apache.catalina.valves.ErrorReportValve.invoke(ErrorReportValve.java:92)
		at org.apache.catalina.valves.AbstractAccessLogValve.invoke(AbstractAccessLogValve.java:690)
		at org.apache.catalina.core.StandardEngineValve.invoke(StandardEngineValve.java:78)
		at org.apache.catalina.connector.CoyoteAdapter.service(CoyoteAdapter.java:353)
		at org.apache.coyote.http11.Http11Processor.service(Http11Processor.java:382)
		at org.apache.coyote.AbstractProcessorLight.process(AbstractProcessorLight.java:65)
		at org.apache.coyote.AbstractProtocol$ConnectionHandler.process(AbstractProtocol.java:872)
		at org.apache.tomcat.util.net.NioEndpoint$SocketProcessor.doRun(NioEndpoint.java:1705)
		at org.apache.tomcat.util.net.SocketProcessorBase.run(SocketProcessorBase.java:49)
		at org.apache.tomcat.util.threads.ThreadPoolExecutor.runWorker(ThreadPoolExecutor.java:1191)
		at org.apache.tomcat.util.threads.ThreadPoolExecutor$Worker.run(ThreadPoolExecutor.java:659)
		at org.apache.tomcat.util.threads.TaskThread$WrappingRunnable.run(TaskThread.java:61)
		at java.base/java.lang.Thread.run(Thread.java:833)
05-Jan-2022 17:07:44.808 SEVERE [http-nio-8080-exec-2] org.apache.catalina.core.StandardWrapperValve.invoke Servlet.service() for servlet [jsp] in context with path [/contact_servlet] threw exception [Unable to compile class for JSP: 

An error occurred at line: [69] in the jsp file: [/ContactSearch.jsp]
Syntax error on token "%=", @ expected
66:                     }  
67:             conn2.close();
68:             }catch(Exception ex){
69:                 <%=ex.printStackTrace()%>
70:             }
71:             %>
72:         </table>


An error occurred at line: [69] in the jsp file: [/ContactSearch.jsp]
out.write cannot be resolved to a type
66:                     }  
67:             conn2.close();
68:             }catch(Exception ex){
69:                 <%=ex.printStackTrace()%>
70:             }
71:             %>
72:         </table>


An error occurred at line: [69] in the jsp file: [/ContactSearch.jsp]
Syntax error, insert ">" to complete ReferenceType1
66:                     }  
67:             conn2.close();
68:             }catch(Exception ex){
69:                 <%=ex.printStackTrace()%>
70:             }
71:             %>
72:         </table>


An error occurred at line: [69] in the jsp file: [/ContactSearch.jsp]
Syntax error, insert "super ( ) ;" to complete BlockStatements
66:                     }  
67:             conn2.close();
68:             }catch(Exception ex){
69:                 <%=ex.printStackTrace()%>
70:             }
71:             %>
72:         </table>


An error occurred at line: [69] in the jsp file: [/ContactSearch.jsp]
Constructor call must be the first statement in a constructor
66:                     }  
67:             conn2.close();
68:             }catch(Exception ex){
69:                 <%=ex.printStackTrace()%>
70:             }
71:             %>
72:         </table>


An error occurred at line: [69] in the jsp file: [/ContactSearch.jsp]
The left-hand side of an assignment must be a variable
66:                     }  
67:             conn2.close();
68:             }catch(Exception ex){
69:                 <%=ex.printStackTrace()%>
70:             }
71:             %>
72:         </table>


An error occurred at line: [69] in the jsp file: [/ContactSearch.jsp]
Syntax error, insert "AssignmentOperator Expression" to complete Expression
66:                     }  
67:             conn2.close();
68:             }catch(Exception ex){
69:                 <%=ex.printStackTrace()%>
70:             }
71:             %>
72:         </table>


An error occurred at line: [233] in the generated java file: [/home/rishav/Git/assignment/APT/JAVA-Programming-Assignment/apache-tomcat-10.0.14/work/Catalina/localhost/contact_servlet/org/apache/jsp/ContactSearch_jsp.java]
Syntax error, insert "Finally" to complete TryStatement

An error occurred at line: [234] in the generated java file: [/home/rishav/Git/assignment/APT/JAVA-Programming-Assignment/apache-tomcat-10.0.14/work/Catalina/localhost/contact_servlet/org/apache/jsp/ContactSearch_jsp.java]
Syntax error, insert "}" to complete ClassBody

Stacktrace:] with root cause
	org.apache.jasper.JasperException: Unable to compile class for JSP: 

An error occurred at line: [69] in the jsp file: [/ContactSearch.jsp]
Syntax error on token "%=", @ expected
66:                     }  
67:             conn2.close();
68:             }catch(Exception ex){
69:                 <%=ex.printStackTrace()%>
70:             }
71:             %>
72:         </table>


An error occurred at line: [69] in the jsp file: [/ContactSearch.jsp]
out.write cannot be resolved to a type
66:                     }  
67:             conn2.close();
68:             }catch(Exception ex){
69:                 <%=ex.printStackTrace()%>
70:             }
71:             %>
72:         </table>


An error occurred at line: [69] in the jsp file: [/ContactSearch.jsp]
Syntax error, insert ">" to complete ReferenceType1
66:                     }  
67:             conn2.close();
68:             }catch(Exception ex){
69:                 <%=ex.printStackTrace()%>
70:             }
71:             %>
72:         </table>


An error occurred at line: [69] in the jsp file: [/ContactSearch.jsp]
Syntax error, insert "super ( ) ;" to complete BlockStatements
66:                     }  
67:             conn2.close();
68:             }catch(Exception ex){
69:                 <%=ex.printStackTrace()%>
70:             }
71:             %>
72:         </table>


An error occurred at line: [69] in the jsp file: [/ContactSearch.jsp]
Constructor call must be the first statement in a constructor
66:                     }  
67:             conn2.close();
68:             }catch(Exception ex){
69:                 <%=ex.printStackTrace()%>
70:             }
71:             %>
72:         </table>


An error occurred at line: [69] in the jsp file: [/ContactSearch.jsp]
The left-hand side of an assignment must be a variable
66:                     }  
67:             conn2.close();
68:             }catch(Exception ex){
69:                 <%=ex.printStackTrace()%>
70:             }
71:             %>
72:         </table>


An error occurred at line: [69] in the jsp file: [/ContactSearch.jsp]
Syntax error, insert "AssignmentOperator Expression" to complete Expression
66:                     }  
67:             conn2.close();
68:             }catch(Exception ex){
69:                 <%=ex.printStackTrace()%>
70:             }
71:             %>
72:         </table>


An error occurred at line: [233] in the generated java file: [/home/rishav/Git/assignment/APT/JAVA-Programming-Assignment/apache-tomcat-10.0.14/work/Catalina/localhost/contact_servlet/org/apache/jsp/ContactSearch_jsp.java]
Syntax error, insert "Finally" to complete TryStatement

An error occurred at line: [234] in the generated java file: [/home/rishav/Git/assignment/APT/JAVA-Programming-Assignment/apache-tomcat-10.0.14/work/Catalina/localhost/contact_servlet/org/apache/jsp/ContactSearch_jsp.java]
Syntax error, insert "}" to complete ClassBody

Stacktrace:
		at org.apache.jasper.compiler.DefaultErrorHandler.javacError(DefaultErrorHandler.java:102)
		at org.apache.jasper.compiler.ErrorDispatcher.javacError(ErrorDispatcher.java:213)
		at org.apache.jasper.compiler.JDTCompiler.generateClass(JDTCompiler.java:487)
		at org.apache.jasper.compiler.Compiler.compile(Compiler.java:397)
		at org.apache.jasper.compiler.Compiler.compile(Compiler.java:367)
		at org.apache.jasper.compiler.Compiler.compile(Compiler.java:351)
		at org.apache.jasper.JspCompilationContext.compile(JspCompilationContext.java:603)
		at org.apache.jasper.servlet.JspServletWrapper.service(JspServletWrapper.java:399)
		at org.apache.jasper.servlet.JspServlet.serviceJspFile(JspServlet.java:380)
		at org.apache.jasper.servlet.JspServlet.service(JspServlet.java:328)
		at jakarta.servlet.http.HttpServlet.service(HttpServlet.java:777)
		at org.apache.catalina.core.ApplicationFilterChain.internalDoFilter(ApplicationFilterChain.java:223)
		at org.apache.catalina.core.ApplicationFilterChain.doFilter(ApplicationFilterChain.java:158)
		at org.apache.tomcat.websocket.server.WsFilter.doFilter(WsFilter.java:53)
		at org.apache.catalina.core.ApplicationFilterChain.internalDoFilter(ApplicationFilterChain.java:185)
		at org.apache.catalina.core.ApplicationFilterChain.doFilter(ApplicationFilterChain.java:158)
		at org.apache.catalina.core.StandardWrapperValve.invoke(StandardWrapperValve.java:197)
		at org.apache.catalina.core.StandardContextValve.invoke(StandardContextValve.java:97)
		at org.apache.catalina.authenticator.AuthenticatorBase.invoke(AuthenticatorBase.java:541)
		at org.apache.catalina.core.StandardHostValve.invoke(StandardHostValve.java:119)
		at org.apache.catalina.valves.ErrorReportValve.invoke(ErrorReportValve.java:92)
		at org.apache.catalina.valves.AbstractAccessLogValve.invoke(AbstractAccessLogValve.java:690)
		at org.apache.catalina.core.StandardEngineValve.invoke(StandardEngineValve.java:78)
		at org.apache.catalina.connector.CoyoteAdapter.service(CoyoteAdapter.java:353)
		at org.apache.coyote.http11.Http11Processor.service(Http11Processor.java:382)
		at org.apache.coyote.AbstractProcessorLight.process(AbstractProcessorLight.java:65)
		at org.apache.coyote.AbstractProtocol$ConnectionHandler.process(AbstractProtocol.java:872)
		at org.apache.tomcat.util.net.NioEndpoint$SocketProcessor.doRun(NioEndpoint.java:1705)
		at org.apache.tomcat.util.net.SocketProcessorBase.run(SocketProcessorBase.java:49)
		at org.apache.tomcat.util.threads.ThreadPoolExecutor.runWorker(ThreadPoolExecutor.java:1191)
		at org.apache.tomcat.util.threads.ThreadPoolExecutor$Worker.run(ThreadPoolExecutor.java:659)
		at org.apache.tomcat.util.threads.TaskThread$WrappingRunnable.run(TaskThread.java:61)
		at java.base/java.lang.Thread.run(Thread.java:833)
05-Jan-2022 17:08:12.736 SEVERE [http-nio-8080-exec-3] org.apache.catalina.core.StandardWrapperValve.invoke Servlet.service() for servlet [jsp] in context with path [/contact_servlet] threw exception [Unable to compile class for JSP: 

An error occurred at line: [69] in the jsp file: [/ContactSearch.jsp]
Syntax error on token "%=", @ expected
66:                     }  
67:             conn2.close();
68:             }catch(Exception ex){
69:                 <%=ex.printStackTrace()%>
70:             }
71:             %>
72:         </table>


An error occurred at line: [69] in the jsp file: [/ContactSearch.jsp]
out.write cannot be resolved to a type
66:                     }  
67:             conn2.close();
68:             }catch(Exception ex){
69:                 <%=ex.printStackTrace()%>
70:             }
71:             %>
72:         </table>


An error occurred at line: [69] in the jsp file: [/ContactSearch.jsp]
Syntax error, insert ">" to complete ReferenceType1
66:                     }  
67:             conn2.close();
68:             }catch(Exception ex){
69:                 <%=ex.printStackTrace()%>
70:             }
71:             %>
72:         </table>


An error occurred at line: [69] in the jsp file: [/ContactSearch.jsp]
Syntax error, insert "super ( ) ;" to complete BlockStatements
66:                     }  
67:             conn2.close();
68:             }catch(Exception ex){
69:                 <%=ex.printStackTrace()%>
70:             }
71:             %>
72:         </table>


An error occurred at line: [69] in the jsp file: [/ContactSearch.jsp]
Constructor call must be the first statement in a constructor
66:                     }  
67:             conn2.close();
68:             }catch(Exception ex){
69:                 <%=ex.printStackTrace()%>
70:             }
71:             %>
72:         </table>


An error occurred at line: [69] in the jsp file: [/ContactSearch.jsp]
The left-hand side of an assignment must be a variable
66:                     }  
67:             conn2.close();
68:             }catch(Exception ex){
69:                 <%=ex.printStackTrace()%>
70:             }
71:             %>
72:         </table>


An error occurred at line: [69] in the jsp file: [/ContactSearch.jsp]
Syntax error, insert "AssignmentOperator Expression" to complete Expression
66:                     }  
67:             conn2.close();
68:             }catch(Exception ex){
69:                 <%=ex.printStackTrace()%>
70:             }
71:             %>
72:         </table>


An error occurred at line: [233] in the generated java file: [/home/rishav/Git/assignment/APT/JAVA-Programming-Assignment/apache-tomcat-10.0.14/work/Catalina/localhost/contact_servlet/org/apache/jsp/ContactSearch_jsp.java]
Syntax error, insert "Finally" to complete TryStatement

An error occurred at line: [234] in the generated java file: [/home/rishav/Git/assignment/APT/JAVA-Programming-Assignment/apache-tomcat-10.0.14/work/Catalina/localhost/contact_servlet/org/apache/jsp/ContactSearch_jsp.java]
Syntax error, insert "}" to complete ClassBody

Stacktrace:] with root cause
	org.apache.jasper.JasperException: Unable to compile class for JSP: 

An error occurred at line: [69] in the jsp file: [/ContactSearch.jsp]
Syntax error on token "%=", @ expected
66:                     }  
67:             conn2.close();
68:             }catch(Exception ex){
69:                 <%=ex.printStackTrace()%>
70:             }
71:             %>
72:         </table>


An error occurred at line: [69] in the jsp file: [/ContactSearch.jsp]
out.write cannot be resolved to a type
66:                     }  
67:             conn2.close();
68:             }catch(Exception ex){
69:                 <%=ex.printStackTrace()%>
70:             }
71:             %>
72:         </table>


An error occurred at line: [69] in the jsp file: [/ContactSearch.jsp]
Syntax error, insert ">" to complete ReferenceType1
66:                     }  
67:             conn2.close();
68:             }catch(Exception ex){
69:                 <%=ex.printStackTrace()%>
70:             }
71:             %>
72:         </table>


An error occurred at line: [69] in the jsp file: [/ContactSearch.jsp]
Syntax error, insert "super ( ) ;" to complete BlockStatements
66:                     }  
67:             conn2.close();
68:             }catch(Exception ex){
69:                 <%=ex.printStackTrace()%>
70:             }
71:             %>
72:         </table>


An error occurred at line: [69] in the jsp file: [/ContactSearch.jsp]
Constructor call must be the first statement in a constructor
66:                     }  
67:             conn2.close();
68:             }catch(Exception ex){
69:                 <%=ex.printStackTrace()%>
70:             }
71:             %>
72:         </table>


An error occurred at line: [69] in the jsp file: [/ContactSearch.jsp]
The left-hand side of an assignment must be a variable
66:                     }  
67:             conn2.close();
68:             }catch(Exception ex){
69:                 <%=ex.printStackTrace()%>
70:             }
71:             %>
72:         </table>


An error occurred at line: [69] in the jsp file: [/ContactSearch.jsp]
Syntax error, insert "AssignmentOperator Expression" to complete Expression
66:                     }  
67:             conn2.close();
68:             }catch(Exception ex){
69:                 <%=ex.printStackTrace()%>
70:             }
71:             %>
72:         </table>


An error occurred at line: [233] in the generated java file: [/home/rishav/Git/assignment/APT/JAVA-Programming-Assignment/apache-tomcat-10.0.14/work/Catalina/localhost/contact_servlet/org/apache/jsp/ContactSearch_jsp.java]
Syntax error, insert "Finally" to complete TryStatement

An error occurred at line: [234] in the generated java file: [/home/rishav/Git/assignment/APT/JAVA-Programming-Assignment/apache-tomcat-10.0.14/work/Catalina/localhost/contact_servlet/org/apache/jsp/ContactSearch_jsp.java]
Syntax error, insert "}" to complete ClassBody

Stacktrace:
		at org.apache.jasper.compiler.DefaultErrorHandler.javacError(DefaultErrorHandler.java:102)
		at org.apache.jasper.compiler.ErrorDispatcher.javacError(ErrorDispatcher.java:213)
		at org.apache.jasper.compiler.JDTCompiler.generateClass(JDTCompiler.java:487)
		at org.apache.jasper.compiler.Compiler.compile(Compiler.java:397)
		at org.apache.jasper.compiler.Compiler.compile(Compiler.java:367)
		at org.apache.jasper.compiler.Compiler.compile(Compiler.java:351)
		at org.apache.jasper.JspCompilationContext.compile(JspCompilationContext.java:603)
		at org.apache.jasper.servlet.JspServletWrapper.service(JspServletWrapper.java:399)
		at org.apache.jasper.servlet.JspServlet.serviceJspFile(JspServlet.java:380)
		at org.apache.jasper.servlet.JspServlet.service(JspServlet.java:328)
		at jakarta.servlet.http.HttpServlet.service(HttpServlet.java:777)
		at org.apache.catalina.core.ApplicationFilterChain.internalDoFilter(ApplicationFilterChain.java:223)
		at org.apache.catalina.core.ApplicationFilterChain.doFilter(ApplicationFilterChain.java:158)
		at org.apache.tomcat.websocket.server.WsFilter.doFilter(WsFilter.java:53)
		at org.apache.catalina.core.ApplicationFilterChain.internalDoFilter(ApplicationFilterChain.java:185)
		at org.apache.catalina.core.ApplicationFilterChain.doFilter(ApplicationFilterChain.java:158)
		at org.apache.catalina.core.StandardWrapperValve.invoke(StandardWrapperValve.java:197)
		at org.apache.catalina.core.StandardContextValve.invoke(StandardContextValve.java:97)
		at org.apache.catalina.authenticator.AuthenticatorBase.invoke(AuthenticatorBase.java:541)
		at org.apache.catalina.core.StandardHostValve.invoke(StandardHostValve.java:119)
		at org.apache.catalina.valves.ErrorReportValve.invoke(ErrorReportValve.java:92)
		at org.apache.catalina.valves.AbstractAccessLogValve.invoke(AbstractAccessLogValve.java:690)
		at org.apache.catalina.core.StandardEngineValve.invoke(StandardEngineValve.java:78)
		at org.apache.catalina.connector.CoyoteAdapter.service(CoyoteAdapter.java:353)
		at org.apache.coyote.http11.Http11Processor.service(Http11Processor.java:382)
		at org.apache.coyote.AbstractProcessorLight.process(AbstractProcessorLight.java:65)
		at org.apache.coyote.AbstractProtocol$ConnectionHandler.process(AbstractProtocol.java:872)
		at org.apache.tomcat.util.net.NioEndpoint$SocketProcessor.doRun(NioEndpoint.java:1705)
		at org.apache.tomcat.util.net.SocketProcessorBase.run(SocketProcessorBase.java:49)
		at org.apache.tomcat.util.threads.ThreadPoolExecutor.runWorker(ThreadPoolExecutor.java:1191)
		at org.apache.tomcat.util.threads.ThreadPoolExecutor$Worker.run(ThreadPoolExecutor.java:659)
		at org.apache.tomcat.util.threads.TaskThread$WrappingRunnable.run(TaskThread.java:61)
		at java.base/java.lang.Thread.run(Thread.java:833)
05-Jan-2022 17:08:19.347 INFO [main] org.apache.catalina.core.ApplicationContext.log SessionListener: contextDestroyed()
05-Jan-2022 17:08:19.347 INFO [main] org.apache.catalina.core.ApplicationContext.log ContextListener: contextDestroyed()
05-Jan-2022 17:08:22.625 INFO [main] org.apache.catalina.core.ApplicationContext.log ContextListener: contextInitialized()
05-Jan-2022 17:08:22.626 INFO [main] org.apache.catalina.core.ApplicationContext.log SessionListener: contextInitialized()
05-Jan-2022 17:08:22.627 INFO [main] org.apache.catalina.core.ApplicationContext.log ContextListener: attributeAdded('StockTicker', 'async.Stockticker@58faa93b')
05-Jan-2022 17:08:25.280 SEVERE [http-nio-8080-exec-1] org.apache.catalina.core.StandardWrapperValve.invoke Servlet.service() for servlet [jsp] in context with path [/contact_servlet] threw exception [Unable to compile class for JSP: 

An error occurred at line: [69] in the jsp file: [/ContactSearch.jsp]
Syntax error on token "%=", @ expected
66:                     }  
67:             conn2.close();
68:             }catch(Exception ex){
69:                 <%=ex.printStackTrace()%>
70:             }
71:             %>
72:         </table>


An error occurred at line: [69] in the jsp file: [/ContactSearch.jsp]
out.write cannot be resolved to a type
66:                     }  
67:             conn2.close();
68:             }catch(Exception ex){
69:                 <%=ex.printStackTrace()%>
70:             }
71:             %>
72:         </table>


An error occurred at line: [69] in the jsp file: [/ContactSearch.jsp]
Syntax error, insert ">" to complete ReferenceType1
66:                     }  
67:             conn2.close();
68:             }catch(Exception ex){
69:                 <%=ex.printStackTrace()%>
70:             }
71:             %>
72:         </table>


An error occurred at line: [69] in the jsp file: [/ContactSearch.jsp]
Syntax error, insert "super ( ) ;" to complete BlockStatements
66:                     }  
67:             conn2.close();
68:             }catch(Exception ex){
69:                 <%=ex.printStackTrace()%>
70:             }
71:             %>
72:         </table>


An error occurred at line: [69] in the jsp file: [/ContactSearch.jsp]
Constructor call must be the first statement in a constructor
66:                     }  
67:             conn2.close();
68:             }catch(Exception ex){
69:                 <%=ex.printStackTrace()%>
70:             }
71:             %>
72:         </table>


An error occurred at line: [69] in the jsp file: [/ContactSearch.jsp]
The left-hand side of an assignment must be a variable
66:                     }  
67:             conn2.close();
68:             }catch(Exception ex){
69:                 <%=ex.printStackTrace()%>
70:             }
71:             %>
72:         </table>


An error occurred at line: [69] in the jsp file: [/ContactSearch.jsp]
Syntax error, insert "AssignmentOperator Expression" to complete Expression
66:                     }  
67:             conn2.close();
68:             }catch(Exception ex){
69:                 <%=ex.printStackTrace()%>
70:             }
71:             %>
72:         </table>


An error occurred at line: [233] in the generated java file: [/home/rishav/Git/assignment/APT/JAVA-Programming-Assignment/apache-tomcat-10.0.14/work/Catalina/localhost/contact_servlet/org/apache/jsp/ContactSearch_jsp.java]
Syntax error, insert "Finally" to complete TryStatement

An error occurred at line: [234] in the generated java file: [/home/rishav/Git/assignment/APT/JAVA-Programming-Assignment/apache-tomcat-10.0.14/work/Catalina/localhost/contact_servlet/org/apache/jsp/ContactSearch_jsp.java]
Syntax error, insert "}" to complete ClassBody

Stacktrace:] with root cause
	org.apache.jasper.JasperException: Unable to compile class for JSP: 

An error occurred at line: [69] in the jsp file: [/ContactSearch.jsp]
Syntax error on token "%=", @ expected
66:                     }  
67:             conn2.close();
68:             }catch(Exception ex){
69:                 <%=ex.printStackTrace()%>
70:             }
71:             %>
72:         </table>


An error occurred at line: [69] in the jsp file: [/ContactSearch.jsp]
out.write cannot be resolved to a type
66:                     }  
67:             conn2.close();
68:             }catch(Exception ex){
69:                 <%=ex.printStackTrace()%>
70:             }
71:             %>
72:         </table>


An error occurred at line: [69] in the jsp file: [/ContactSearch.jsp]
Syntax error, insert ">" to complete ReferenceType1
66:                     }  
67:             conn2.close();
68:             }catch(Exception ex){
69:                 <%=ex.printStackTrace()%>
70:             }
71:             %>
72:         </table>


An error occurred at line: [69] in the jsp file: [/ContactSearch.jsp]
Syntax error, insert "super ( ) ;" to complete BlockStatements
66:                     }  
67:             conn2.close();
68:             }catch(Exception ex){
69:                 <%=ex.printStackTrace()%>
70:             }
71:             %>
72:         </table>


An error occurred at line: [69] in the jsp file: [/ContactSearch.jsp]
Constructor call must be the first statement in a constructor
66:                     }  
67:             conn2.close();
68:             }catch(Exception ex){
69:                 <%=ex.printStackTrace()%>
70:             }
71:             %>
72:         </table>


An error occurred at line: [69] in the jsp file: [/ContactSearch.jsp]
The left-hand side of an assignment must be a variable
66:                     }  
67:             conn2.close();
68:             }catch(Exception ex){
69:                 <%=ex.printStackTrace()%>
70:             }
71:             %>
72:         </table>


An error occurred at line: [69] in the jsp file: [/ContactSearch.jsp]
Syntax error, insert "AssignmentOperator Expression" to complete Expression
66:                     }  
67:             conn2.close();
68:             }catch(Exception ex){
69:                 <%=ex.printStackTrace()%>
70:             }
71:             %>
72:         </table>


An error occurred at line: [233] in the generated java file: [/home/rishav/Git/assignment/APT/JAVA-Programming-Assignment/apache-tomcat-10.0.14/work/Catalina/localhost/contact_servlet/org/apache/jsp/ContactSearch_jsp.java]
Syntax error, insert "Finally" to complete TryStatement

An error occurred at line: [234] in the generated java file: [/home/rishav/Git/assignment/APT/JAVA-Programming-Assignment/apache-tomcat-10.0.14/work/Catalina/localhost/contact_servlet/org/apache/jsp/ContactSearch_jsp.java]
Syntax error, insert "}" to complete ClassBody

Stacktrace:
		at org.apache.jasper.compiler.DefaultErrorHandler.javacError(DefaultErrorHandler.java:102)
		at org.apache.jasper.compiler.ErrorDispatcher.javacError(ErrorDispatcher.java:213)
		at org.apache.jasper.compiler.JDTCompiler.generateClass(JDTCompiler.java:487)
		at org.apache.jasper.compiler.Compiler.compile(Compiler.java:397)
		at org.apache.jasper.compiler.Compiler.compile(Compiler.java:367)
		at org.apache.jasper.compiler.Compiler.compile(Compiler.java:351)
		at org.apache.jasper.JspCompilationContext.compile(JspCompilationContext.java:603)
		at org.apache.jasper.servlet.JspServletWrapper.service(JspServletWrapper.java:399)
		at org.apache.jasper.servlet.JspServlet.serviceJspFile(JspServlet.java:380)
		at org.apache.jasper.servlet.JspServlet.service(JspServlet.java:328)
		at jakarta.servlet.http.HttpServlet.service(HttpServlet.java:777)
		at org.apache.catalina.core.ApplicationFilterChain.internalDoFilter(ApplicationFilterChain.java:223)
		at org.apache.catalina.core.ApplicationFilterChain.doFilter(ApplicationFilterChain.java:158)
		at org.apache.tomcat.websocket.server.WsFilter.doFilter(WsFilter.java:53)
		at org.apache.catalina.core.ApplicationFilterChain.internalDoFilter(ApplicationFilterChain.java:185)
		at org.apache.catalina.core.ApplicationFilterChain.doFilter(ApplicationFilterChain.java:158)
		at org.apache.catalina.core.StandardWrapperValve.invoke(StandardWrapperValve.java:197)
		at org.apache.catalina.core.StandardContextValve.invoke(StandardContextValve.java:97)
		at org.apache.catalina.authenticator.AuthenticatorBase.invoke(AuthenticatorBase.java:541)
		at org.apache.catalina.core.StandardHostValve.invoke(StandardHostValve.java:119)
		at org.apache.catalina.valves.ErrorReportValve.invoke(ErrorReportValve.java:92)
		at org.apache.catalina.valves.AbstractAccessLogValve.invoke(AbstractAccessLogValve.java:690)
		at org.apache.catalina.core.StandardEngineValve.invoke(StandardEngineValve.java:78)
		at org.apache.catalina.connector.CoyoteAdapter.service(CoyoteAdapter.java:353)
		at org.apache.coyote.http11.Http11Processor.service(Http11Processor.java:382)
		at org.apache.coyote.AbstractProcessorLight.process(AbstractProcessorLight.java:65)
		at org.apache.coyote.AbstractProtocol$ConnectionHandler.process(AbstractProtocol.java:872)
		at org.apache.tomcat.util.net.NioEndpoint$SocketProcessor.doRun(NioEndpoint.java:1705)
		at org.apache.tomcat.util.net.SocketProcessorBase.run(SocketProcessorBase.java:49)
		at org.apache.tomcat.util.threads.ThreadPoolExecutor.runWorker(ThreadPoolExecutor.java:1191)
		at org.apache.tomcat.util.threads.ThreadPoolExecutor$Worker.run(ThreadPoolExecutor.java:659)
		at org.apache.tomcat.util.threads.TaskThread$WrappingRunnable.run(TaskThread.java:61)
		at java.base/java.lang.Thread.run(Thread.java:833)
05-Jan-2022 17:09:49.422 SEVERE [http-nio-8080-exec-6] org.apache.catalina.core.StandardWrapperValve.invoke Servlet.service() for servlet [jsp] in context with path [/contact_servlet] threw exception [Unable to compile class for JSP: 

An error occurred at line: [69] in the jsp file: [/ContactSearch.jsp]
Syntax error on token "%=", @ expected
66:                     }  
67:             conn2.close();
68:             }catch(Exception ex){
69:                 <%= ex.getMessage() %>
70:             }
71:             %>
72:         </table>


An error occurred at line: [69] in the jsp file: [/ContactSearch.jsp]
out.write cannot be resolved to a type
66:                     }  
67:             conn2.close();
68:             }catch(Exception ex){
69:                 <%= ex.getMessage() %>
70:             }
71:             %>
72:         </table>


An error occurred at line: [69] in the jsp file: [/ContactSearch.jsp]
Syntax error, insert ">" to complete ReferenceType1
66:                     }  
67:             conn2.close();
68:             }catch(Exception ex){
69:                 <%= ex.getMessage() %>
70:             }
71:             %>
72:         </table>


An error occurred at line: [69] in the jsp file: [/ContactSearch.jsp]
Syntax error, insert "super ( ) ;" to complete BlockStatements
66:                     }  
67:             conn2.close();
68:             }catch(Exception ex){
69:                 <%= ex.getMessage() %>
70:             }
71:             %>
72:         </table>


An error occurred at line: [69] in the jsp file: [/ContactSearch.jsp]
Constructor call must be the first statement in a constructor
66:                     }  
67:             conn2.close();
68:             }catch(Exception ex){
69:                 <%= ex.getMessage() %>
70:             }
71:             %>
72:         </table>


An error occurred at line: [69] in the jsp file: [/ContactSearch.jsp]
The left-hand side of an assignment must be a variable
66:                     }  
67:             conn2.close();
68:             }catch(Exception ex){
69:                 <%= ex.getMessage() %>
70:             }
71:             %>
72:         </table>


An error occurred at line: [69] in the jsp file: [/ContactSearch.jsp]
Syntax error, insert "AssignmentOperator Expression" to complete Expression
66:                     }  
67:             conn2.close();
68:             }catch(Exception ex){
69:                 <%= ex.getMessage() %>
70:             }
71:             %>
72:         </table>


An error occurred at line: [233] in the generated java file: [/home/rishav/Git/assignment/APT/JAVA-Programming-Assignment/apache-tomcat-10.0.14/work/Catalina/localhost/contact_servlet/org/apache/jsp/ContactSearch_jsp.java]
Syntax error, insert "Finally" to complete TryStatement

An error occurred at line: [234] in the generated java file: [/home/rishav/Git/assignment/APT/JAVA-Programming-Assignment/apache-tomcat-10.0.14/work/Catalina/localhost/contact_servlet/org/apache/jsp/ContactSearch_jsp.java]
Syntax error, insert "}" to complete ClassBody

Stacktrace:] with root cause
	org.apache.jasper.JasperException: Unable to compile class for JSP: 

An error occurred at line: [69] in the jsp file: [/ContactSearch.jsp]
Syntax error on token "%=", @ expected
66:                     }  
67:             conn2.close();
68:             }catch(Exception ex){
69:                 <%= ex.getMessage() %>
70:             }
71:             %>
72:         </table>


An error occurred at line: [69] in the jsp file: [/ContactSearch.jsp]
out.write cannot be resolved to a type
66:                     }  
67:             conn2.close();
68:             }catch(Exception ex){
69:                 <%= ex.getMessage() %>
70:             }
71:             %>
72:         </table>


An error occurred at line: [69] in the jsp file: [/ContactSearch.jsp]
Syntax error, insert ">" to complete ReferenceType1
66:                     }  
67:             conn2.close();
68:             }catch(Exception ex){
69:                 <%= ex.getMessage() %>
70:             }
71:             %>
72:         </table>


An error occurred at line: [69] in the jsp file: [/ContactSearch.jsp]
Syntax error, insert "super ( ) ;" to complete BlockStatements
66:                     }  
67:             conn2.close();
68:             }catch(Exception ex){
69:                 <%= ex.getMessage() %>
70:             }
71:             %>
72:         </table>


An error occurred at line: [69] in the jsp file: [/ContactSearch.jsp]
Constructor call must be the first statement in a constructor
66:                     }  
67:             conn2.close();
68:             }catch(Exception ex){
69:                 <%= ex.getMessage() %>
70:             }
71:             %>
72:         </table>


An error occurred at line: [69] in the jsp file: [/ContactSearch.jsp]
The left-hand side of an assignment must be a variable
66:                     }  
67:             conn2.close();
68:             }catch(Exception ex){
69:                 <%= ex.getMessage() %>
70:             }
71:             %>
72:         </table>


An error occurred at line: [69] in the jsp file: [/ContactSearch.jsp]
Syntax error, insert "AssignmentOperator Expression" to complete Expression
66:                     }  
67:             conn2.close();
68:             }catch(Exception ex){
69:                 <%= ex.getMessage() %>
70:             }
71:             %>
72:         </table>


An error occurred at line: [233] in the generated java file: [/home/rishav/Git/assignment/APT/JAVA-Programming-Assignment/apache-tomcat-10.0.14/work/Catalina/localhost/contact_servlet/org/apache/jsp/ContactSearch_jsp.java]
Syntax error, insert "Finally" to complete TryStatement

An error occurred at line: [234] in the generated java file: [/home/rishav/Git/assignment/APT/JAVA-Programming-Assignment/apache-tomcat-10.0.14/work/Catalina/localhost/contact_servlet/org/apache/jsp/ContactSearch_jsp.java]
Syntax error, insert "}" to complete ClassBody

Stacktrace:
		at org.apache.jasper.compiler.DefaultErrorHandler.javacError(DefaultErrorHandler.java:102)
		at org.apache.jasper.compiler.ErrorDispatcher.javacError(ErrorDispatcher.java:213)
		at org.apache.jasper.compiler.JDTCompiler.generateClass(JDTCompiler.java:487)
		at org.apache.jasper.compiler.Compiler.compile(Compiler.java:397)
		at org.apache.jasper.compiler.Compiler.compile(Compiler.java:367)
		at org.apache.jasper.compiler.Compiler.compile(Compiler.java:351)
		at org.apache.jasper.JspCompilationContext.compile(JspCompilationContext.java:603)
		at org.apache.jasper.servlet.JspServletWrapper.service(JspServletWrapper.java:399)
		at org.apache.jasper.servlet.JspServlet.serviceJspFile(JspServlet.java:380)
		at org.apache.jasper.servlet.JspServlet.service(JspServlet.java:328)
		at jakarta.servlet.http.HttpServlet.service(HttpServlet.java:777)
		at org.apache.catalina.core.ApplicationFilterChain.internalDoFilter(ApplicationFilterChain.java:223)
		at org.apache.catalina.core.ApplicationFilterChain.doFilter(ApplicationFilterChain.java:158)
		at org.apache.tomcat.websocket.server.WsFilter.doFilter(WsFilter.java:53)
		at org.apache.catalina.core.ApplicationFilterChain.internalDoFilter(ApplicationFilterChain.java:185)
		at org.apache.catalina.core.ApplicationFilterChain.doFilter(ApplicationFilterChain.java:158)
		at org.apache.catalina.core.StandardWrapperValve.invoke(StandardWrapperValve.java:197)
		at org.apache.catalina.core.StandardContextValve.invoke(StandardContextValve.java:97)
		at org.apache.catalina.authenticator.AuthenticatorBase.invoke(AuthenticatorBase.java:541)
		at org.apache.catalina.core.StandardHostValve.invoke(StandardHostValve.java:119)
		at org.apache.catalina.valves.ErrorReportValve.invoke(ErrorReportValve.java:92)
		at org.apache.catalina.valves.AbstractAccessLogValve.invoke(AbstractAccessLogValve.java:690)
		at org.apache.catalina.core.StandardEngineValve.invoke(StandardEngineValve.java:78)
		at org.apache.catalina.connector.CoyoteAdapter.service(CoyoteAdapter.java:353)
		at org.apache.coyote.http11.Http11Processor.service(Http11Processor.java:382)
		at org.apache.coyote.AbstractProcessorLight.process(AbstractProcessorLight.java:65)
		at org.apache.coyote.AbstractProtocol$ConnectionHandler.process(AbstractProtocol.java:872)
		at org.apache.tomcat.util.net.NioEndpoint$SocketProcessor.doRun(NioEndpoint.java:1705)
		at org.apache.tomcat.util.net.SocketProcessorBase.run(SocketProcessorBase.java:49)
		at org.apache.tomcat.util.threads.ThreadPoolExecutor.runWorker(ThreadPoolExecutor.java:1191)
		at org.apache.tomcat.util.threads.ThreadPoolExecutor$Worker.run(ThreadPoolExecutor.java:659)
		at org.apache.tomcat.util.threads.TaskThread$WrappingRunnable.run(TaskThread.java:61)
		at java.base/java.lang.Thread.run(Thread.java:833)
05-Jan-2022 17:48:59.032 INFO [main] org.apache.catalina.core.ApplicationContext.log ContextListener: contextInitialized()
05-Jan-2022 17:48:59.032 INFO [main] org.apache.catalina.core.ApplicationContext.log SessionListener: contextInitialized()
05-Jan-2022 17:48:59.033 INFO [main] org.apache.catalina.core.ApplicationContext.log ContextListener: attributeAdded('StockTicker', 'async.Stockticker@4fe01805')
05-Jan-2022 17:48:59.195 INFO [main] org.apache.catalina.core.ApplicationContext.log SessionListener: contextDestroyed()
05-Jan-2022 17:48:59.195 INFO [main] org.apache.catalina.core.ApplicationContext.log ContextListener: contextDestroyed()
